INFO - [♥] Lovely 0.8.0
INFO - [♥] Game directory is at "C:\\Program Files (x86)\\Steam\\steamapps\\common\\Balatro"
INFO - [♥] Writing logs to "C:\\Users\\irene\\AppData\\Roaming\\Balatro\\Mods\\lovely\\log"
INFO - [♥] Using mod directory at "C:\\Users\\irene\\AppData\\Roaming\\Balatro\\Mods"
WARN - [♥] Unknown key `patches.0.?.match_indent` found in patch file at "C:\\Users\\irene\\AppData\\Roaming\\Balatro\\Mods\\smods-main\\lovely\\scoring_calculation.toml", ignoring it
INFO - [♥] Cleaning up dumps directory at "C:\\Users\\irene\\AppData\\Roaming\\Balatro\\Mods\\lovely\\dump"
INFO - [♥] Initialization complete in 92ms
INFO - [♥] Applied 9 patches to 'main.lua'
INFO - [♥] Applied 5 patches to 'engine/controller.lua'
INFO - [♥] Applied 15 patches to 'back.lua'
INFO - [♥] Applied 8 patches to 'tag.lua'
INFO - [♥] Applied 2 patches to 'engine/moveable.lua'
INFO - [♥] Applied 2 patches to 'engine/sprite.lua'
INFO - [♥] Applied 2 patches to 'engine/animatedsprite.lua'
INFO - [♥] Applied 78 patches to 'functions/misc_functions.lua'
INFO - [♥] Applied 48 patches to 'game.lua'
INFO - [♥] Applied 1 patch to 'globals.lua'
INFO - [♥] Applied 7 patches to 'engine/ui.lua'
INFO - [♥] Applied 102 patches to 'functions/UI_definitions.lua'
INFO - [♥] Applied 55 patches to 'functions/state_events.lua'
INFO - [♥] Applied 122 patches to 'functions/common_events.lua'
INFO - [♥] Applied 54 patches to 'functions/button_callbacks.lua'
WARN - [♥] Regex 'localize\\(\'k_upgrade_ex\'\\)\\}\\); return true\n[ \\t]*end\\}\\)\\)\n[ \\t]*end\n(?<indent>[ \\t]*)return' on target 'card.lua' for regex patch from smods-main\lovely\joker_retriggers.toml resulted in no matches
WARN - [♥] Regex '[ \\t]*G\\.C\\.MULT\\}\\)\n[ \\t]*return true\n[ \\t]*end\\)\\}\\)\\)\n(?<indent>[ \\t]*)end' on target 'card.lua' for regex patch from smods-main\lovely\joker_retriggers.toml resulted in no matches
WARN - [♥] Regex '[ \\t]*func = function\\(\\) card_eval_status_text\\(self, \'extra\', nil, nil, nil, \\{message = localize\\{type = \'variable\', key = \'a_xmult\', vars = \\{self\\.ability\\.caino_xmult\\}\\}\\}\\); return true\n(?<indent>[ \\t]*)end\\}\\)\\)' on target 'card.lua' for regex patch from smods-main\lovely\joker_retriggers.toml resulted in no matches
WARN - [♥] Regex 'glass_cards\\}\\}\\}\\)\n[ \\t]*return true\n[ \\t]*end\n(?<indent>[ \\t]*)\\}\\)\\)' on target 'card.lua' for regex patch from smods-main\lovely\joker_retriggers.toml resulted in no matches
INFO - [♥] Applied 218 patches to 'card.lua'
INFO - [♥] Applied 20 patches to 'cardarea.lua'
INFO - [♥] Applied 40 patches to 'blind.lua'
INFO - [♥] Applied 10 patches to 'card_character.lua'
INFO - [♥] Applied 10 patches to 'engine/text.lua'
INFO - [G] Failed to connect to the debug server
INFO - [G] 2025-09-09 22:11:09 :: DEBUG :: DebugConsole :: Steamodded Debug Socket started !
INFO - [G] 2025-09-09 22:11:09 :: INFO  :: SMODS :: Steamodded v1.0.0~BETA-0906c
INFO - [♥] Applied 9 patches to 'engine/sound_manager.lua'
INFO - [♥] Applied 1 patch to 'engine/save_manager.lua'
INFO - [G] 2025-09-09 22:11:11 :: ERROR :: Loader :: Found invalid metadata JSON file at C:\Users\irene\AppData\Roaming\Balatro\Mods/.vscode/settings.json, ignoring: [SMODS _ "src/loader.lua"]:226: id
INFO - [G] 2025-09-09 22:11:11 :: TRACE :: Loader :: Processing Mod file (Legacy header): Main.lua
INFO - [G] 2025-09-09 22:11:11 :: TRACE :: Loader :: Saving Mod Info: SimpleJoker
INFO - [G] 2025-09-09 22:11:11 :: INFO  :: TIMER :: [0000] Injected Fonts in 0.003 ms
INFO - [G] 2025-09-09 22:11:11 :: INFO  :: TIMER :: [0000] Injected DynaTextEffects in 0.004 ms
INFO - [G] 2025-09-09 22:11:11 :: INFO  :: TIMER :: [0000] Injected Language in 0.002 ms
INFO - [G] 2025-09-09 22:11:11 :: INFO  :: TIMER :: [0000] Injected [INTERNAL] in 2.105 ms
INFO - [G] 2025-09-09 22:11:12 :: INFO  :: TIMER :: [0006] Injected Atlas in 740.344 ms
INFO - [G] 2025-09-09 22:11:12 :: INFO  :: TIMER :: [0001] Injected Sound in 0.756 ms
INFO - [G] 2025-09-09 22:11:12 :: INFO  :: TIMER :: [0008] Injected Stake in 0.624 ms
INFO - [G] 2025-09-09 22:11:12 :: INFO  :: TIMER :: [0004] Injected Rarity in 0.115 ms
INFO - [G] 2025-09-09 22:11:12 :: INFO  :: TIMER :: [0004] Injected ObjectType in 0.139 ms
INFO - [G] 2025-09-09 22:11:12 :: INFO  :: TIMER :: [0052] Injected Center in 0.990 ms
INFO - [G] 2025-09-09 22:11:12 :: INFO  :: TIMER :: [0007] Injected Undiscovered Sprite in 0.040 ms
INFO - [G] 2025-09-09 22:11:12 :: INFO  :: TIMER :: [0004] Injected Blind in 0.063 ms
INFO - [G] 2025-09-09 22:11:12 :: INFO  :: TIMER :: [0004] Injected Seal in 0.329 ms
INFO - [G] 2025-09-09 22:11:12 :: INFO  :: TIMER :: [0004] Injected Suit in 0.278 ms
INFO - [G] 2025-09-09 22:11:12 :: INFO  :: TIMER :: [0013] Injected Rank in 0.282 ms
INFO - [G] 2025-09-09 22:11:12 :: INFO  :: TIMER :: [0028] Injected DeckSkin in 0.376 ms
INFO - [G] 2025-09-09 22:11:12 :: INFO  :: TIMER :: [0017] Injected JimboQuip in 0.185 ms
INFO - [G] 2025-09-09 22:11:12 :: INFO  :: TIMER :: [0012] Injected PokerHand in 0.296 ms
INFO - [G] 2025-09-09 22:11:12 :: INFO  :: TIMER :: [0020] Injected Challenge in 0.144 ms
INFO - [G] 2025-09-09 22:11:12 :: INFO  :: TIMER :: [0000] Injected Tag in 0.003 ms
INFO - [G] 2025-09-09 22:11:12 :: INFO  :: TIMER :: [0004] Injected Sticker in 0.500 ms
INFO - [G] 2025-09-09 22:11:12 :: INFO  :: TIMER :: [0000] Injected Shader in 0.003 ms
INFO - [G] 2025-09-09 22:11:12 :: INFO  :: TIMER :: [0002] Injected Keybind in 0.035 ms
INFO - [G] 2025-09-09 22:11:12 :: INFO  :: TIMER :: [0000] Injected Achievement in 0.099 ms
INFO - [G] 2025-09-09 22:11:12 :: INFO  :: TIMER :: [0002] Injected nil in 0.036 ms
INFO - [G] 2025-09-09 22:11:12 :: INFO  :: TIMER :: [0002] Injected Scoring_Parameters in 0.299 ms
INFO - [G] 2025-09-09 22:11:12 :: INFO  :: TIMER :: [0003] Injected Scoring_Calculations in 0.047 ms
INFO - [G] 2025-09-09 22:11:12 :: INFO  :: TIMER :: [0021] Injected Draw Step in 0.307 ms
INFO - [G] 2025-09-09 22:11:12 :: INFO  :: TIMER :: [0000] Injected [INTERNAL] in 0.398 ms
