INFO - [♥] Lovely 0.8.0
INFO - [♥] Game directory is at "C:\\Program Files (x86)\\Steam\\steamapps\\common\\Balatro"
INFO - [♥] Writing logs to "C:\\Users\\irene\\AppData\\Roaming\\Balatro\\Mods\\lovely\\log"
INFO - [♥] Using mod directory at "C:\\Users\\irene\\AppData\\Roaming\\Balatro\\Mods"
WARN - [♥] Unknown key `patches.0.?.match_indent` found in patch file at "C:\\Users\\irene\\AppData\\Roaming\\Balatro\\Mods\\smods-main\\lovely\\scoring_calculation.toml", ignoring it
INFO - [♥] Cleaning up dumps directory at "C:\\Users\\irene\\AppData\\Roaming\\Balatro\\Mods\\lovely\\dump"
INFO - [♥] Initialization complete in 85ms
INFO - [♥] Applied 9 patches to 'main.lua'
INFO - [♥] Applied 5 patches to 'engine/controller.lua'
INFO - [♥] Applied 15 patches to 'back.lua'
INFO - [♥] Applied 8 patches to 'tag.lua'
INFO - [♥] Applied 2 patches to 'engine/moveable.lua'
INFO - [♥] Applied 2 patches to 'engine/sprite.lua'
INFO - [♥] Applied 2 patches to 'engine/animatedsprite.lua'
INFO - [♥] Applied 78 patches to 'functions/misc_functions.lua'
INFO - [♥] Applied 48 patches to 'game.lua'
INFO - [♥] Applied 1 patch to 'globals.lua'
INFO - [♥] Applied 7 patches to 'engine/ui.lua'
INFO - [♥] Applied 102 patches to 'functions/UI_definitions.lua'
INFO - [♥] Applied 55 patches to 'functions/state_events.lua'
INFO - [♥] Applied 122 patches to 'functions/common_events.lua'
INFO - [♥] Applied 54 patches to 'functions/button_callbacks.lua'
WARN - [♥] Regex 'localize\\(\'k_upgrade_ex\'\\)\\}\\); return true\n[ \\t]*end\\}\\)\\)\n[ \\t]*end\n(?<indent>[ \\t]*)return' on target 'card.lua' for regex patch from smods-main\lovely\joker_retriggers.toml resulted in no matches
WARN - [♥] Regex '[ \\t]*G\\.C\\.MULT\\}\\)\n[ \\t]*return true\n[ \\t]*end\\)\\}\\)\\)\n(?<indent>[ \\t]*)end' on target 'card.lua' for regex patch from smods-main\lovely\joker_retriggers.toml resulted in no matches
WARN - [♥] Regex '[ \\t]*func = function\\(\\) card_eval_status_text\\(self, \'extra\', nil, nil, nil, \\{message = localize\\{type = \'variable\', key = \'a_xmult\', vars = \\{self\\.ability\\.caino_xmult\\}\\}\\}\\); return true\n(?<indent>[ \\t]*)end\\}\\)\\)' on target 'card.lua' for regex patch from smods-main\lovely\joker_retriggers.toml resulted in no matches
WARN - [♥] Regex 'glass_cards\\}\\}\\}\\)\n[ \\t]*return true\n[ \\t]*end\n(?<indent>[ \\t]*)\\}\\)\\)' on target 'card.lua' for regex patch from smods-main\lovely\joker_retriggers.toml resulted in no matches
INFO - [♥] Applied 218 patches to 'card.lua'
INFO - [♥] Applied 20 patches to 'cardarea.lua'
INFO - [♥] Applied 40 patches to 'blind.lua'
INFO - [♥] Applied 10 patches to 'card_character.lua'
INFO - [♥] Applied 10 patches to 'engine/text.lua'
INFO - [G] Failed to connect to the debug server
INFO - [G] 2025-09-09 21:22:08 :: DEBUG :: DebugConsole :: Steamodded Debug Socket started !
INFO - [G] 2025-09-09 21:22:08 :: INFO  :: SMODS :: Steamodded v1.0.0~BETA-0906c
INFO - [♥] Applied 9 patches to 'engine/sound_manager.lua'
INFO - [♥] Applied 1 patch to 'engine/save_manager.lua'
INFO - [G] 2025-09-09 21:22:10 :: ERROR :: Loader :: Found invalid metadata JSON file at C:\Users\irene\AppData\Roaming\Balatro\Mods/.vscode/settings.json, ignoring: [SMODS _ "src/loader.lua"]:226: id
INFO - [G] 2025-09-09 21:22:10 :: TRACE :: Loader :: Processing Mod file (Legacy header): Main.lua
INFO - [G] 2025-09-09 21:22:10 :: TRACE :: Loader :: Saving Mod Info: SimpleJoker
INFO - [G] 2025-09-09 21:22:10 :: INFO  :: TIMER :: [0000] Injected Fonts in 0.003 ms
INFO - [G] 2025-09-09 21:22:10 :: INFO  :: TIMER :: [0000] Injected DynaTextEffects in 0.009 ms
INFO - [G] 2025-09-09 21:22:10 :: INFO  :: TIMER :: [0000] Injected Language in 0.004 ms
INFO - [G] 2025-09-09 21:22:10 :: INFO  :: TIMER :: [0000] Injected [INTERNAL] in 2.813 ms
INFO - [G] 2025-09-09 21:22:11 :: INFO  :: TIMER :: [0005] Injected Atlas in 661.546 ms
INFO - [G] 2025-09-09 21:22:11 :: INFO  :: TIMER :: [0001] Injected Sound in 0.513 ms
INFO - [G] 2025-09-09 21:22:11 :: INFO  :: TIMER :: [0008] Injected Stake in 0.618 ms
INFO - [G] 2025-09-09 21:22:11 :: INFO  :: TIMER :: [0004] Injected Rarity in 0.063 ms
INFO - [G] 2025-09-09 21:22:11 :: INFO  :: TIMER :: [0004] Injected ObjectType in 0.124 ms
INFO - [G] 2025-09-09 21:22:11 :: INFO  :: TIMER :: [0052] Injected Center in 0.751 ms
INFO - [G] 2025-09-09 21:22:11 :: INFO  :: TIMER :: [0007] Injected Undiscovered Sprite in 0.073 ms
INFO - [G] 2025-09-09 21:22:11 :: INFO  :: TIMER :: [0003] Injected Blind in 0.109 ms
INFO - [G] 2025-09-09 21:22:11 :: INFO  :: TIMER :: [0004] Injected Seal in 0.500 ms
INFO - [G] 2025-09-09 21:22:11 :: INFO  :: TIMER :: [0004] Injected Suit in 0.329 ms
INFO - [G] 2025-09-09 21:22:11 :: INFO  :: TIMER :: [0013] Injected Rank in 0.314 ms
INFO - [G] 2025-09-09 21:22:11 :: INFO  :: TIMER :: [0028] Injected DeckSkin in 0.410 ms
INFO - [G] 2025-09-09 21:22:11 :: INFO  :: TIMER :: [0017] Injected JimboQuip in 0.149 ms
INFO - [G] 2025-09-09 21:22:11 :: INFO  :: TIMER :: [0012] Injected PokerHand in 0.176 ms
INFO - [G] 2025-09-09 21:22:11 :: INFO  :: TIMER :: [0020] Injected Challenge in 0.078 ms
INFO - [G] 2025-09-09 21:22:11 :: INFO  :: TIMER :: [0000] Injected Tag in 0.004 ms
INFO - [G] 2025-09-09 21:22:11 :: INFO  :: TIMER :: [0004] Injected Sticker in 0.268 ms
INFO - [G] 2025-09-09 21:22:11 :: INFO  :: TIMER :: [0000] Injected Shader in 0.003 ms
INFO - [G] 2025-09-09 21:22:11 :: INFO  :: TIMER :: [0002] Injected Keybind in 0.029 ms
INFO - [G] 2025-09-09 21:22:11 :: INFO  :: TIMER :: [0000] Injected Achievement in 0.071 ms
INFO - [G] 2025-09-09 21:22:11 :: INFO  :: TIMER :: [0002] Injected nil in 0.029 ms
INFO - [G] 2025-09-09 21:22:11 :: INFO  :: TIMER :: [0002] Injected Scoring_Parameters in 0.307 ms
INFO - [G] 2025-09-09 21:22:11 :: INFO  :: TIMER :: [0003] Injected Scoring_Calculations in 0.041 ms
INFO - [G] 2025-09-09 21:22:11 :: INFO  :: TIMER :: [0021] Injected Draw Step in 0.226 ms
INFO - [G] 2025-09-09 21:22:11 :: INFO  :: TIMER :: [0000] Injected [INTERNAL] in 0.419 ms
INFO - [G] line not found
INFO - [G] file not found: main.lua: No such file or directory
INFO - [G] file not found: main.lua: No such file or directory
INFO - [G] file not found: main.lua: No such file or directory
INFO - [G] file not found: main.lua: No such file or directory
INFO - [G] 2025-09-09 21:22:17 :: ERROR :: StackTrace :: Oops! The game crashed
functions/misc_functions.lua:737: attempt to index local 'C1' (a nil value)
Stack Traceback
===============
(1) Lua local 'handler' at file 'main.lua:612'
	Local variables:
	 msg = string: "functions/misc_functions.lua:737: attempt to index local 'C1' (a nil value)"
	 (*temporary) = Lua function '?' (defined at line 31 of chunk [SMODS _ "src/logging.lua"])
	 (*temporary) = string: "Oops! The game crashed\
"
(2) LÖVE metamethod at file 'boot.lua:352'
	Local variables:
	 errhand = Lua function '?' (defined at line 598 of chunk main.lua)
	 handler = Lua function '?' (defined at line 598 of chunk main.lua)
(3) Lua global 'mix_colours' at file 'functions/misc_functions.lua:737'
	Local variables:
	 C1 = nil
	 C2 = table: 0x35ee7fd0  {1:0.37254901960784, 2:0.45098039215686, 3:0.46666666666667, 4:1}
	 proportionC1 = number: 0.4
	 (*temporary) = table: 0x360f2890  {}
	 (*temporary) = number: 5.77406e-313
	 (*temporary) = table: 0x36181cf0  {pop_out:function: 0x36181d78, draw:function: 0x36181e18, pulse:function: 0x36181df8, __call:function: 0x35e407f8, set_quiver:function: 0x36181dd8 (more...)}
	 (*temporary) = table: 0x367284d0  {click_offset:table: 0x36454940, children:table: 0x367e6a98, pop_in_rate:3, font:table: 0x363ae888, T:table: 0x36454918, offset:table: 0x3651b248 (more...)}
	 (*temporary) = string: "attempt to index local 'C1' (a nil value)"
(4) Lua global 'create_UIBox_blind_popup' at file 'functions/UI_definitions.lua:4400'
	Local variables:
	 blind = table: 0x366cb3b8  {alerted:false, _saved_d_u:true, original_key:test, mult:2, mod:table: 0x364c9d98, unlocked:true, _u:true, _discovered_unlocked_overwritten:true (more...)}
	 discovered = boolean: true
	 vars = nil
	 blind_text = table: 0x3654fa40  {}
	 _dollars = number: 10
	 target = table: 0x3690b228  {type:raw_descriptions, vars:table: 0x361b7c40, key:bl_xmpl_test, set:Blind}
	 loc_target = table: 0x3690b250  {1:1 in 2 chance for each card, 2:discarded to be destroyed}
	 loc_name = string: "test"
	 ability_text = table: 0x368a5a18  {1:table: 0x368a5a40, 2:table: 0x35f9b1b0}
	 stake_sprite = table: 0x366266b0  {click_offset:table: 0x365475f8, children:table: 0x364898a8, sprite_pos:table: 0x364ebd68, T:table: 0x365475d0, offset:table: 0x3655b350, role:table: 0x3649dbe0 (more...)}
	 (*temporary) = number: 1
	 (*temporary) = table: 0x366f8168  {n:4, config:table: 0x366f8190}
	 (*temporary) = table: 0x3671e590  {1:table: 0x366f81b8, 2:table: 0x36853668, 3:table: 0x3678ed90}
	 (*temporary) = table: 0x3643edf8  {n:4}
	 (*temporary) = table: 0x360f2868  {padding:0.08, align:cm, minw:2.5, r:0.1, minh:0.9, emboss:0.05}
(5) Lua method 'hover' at Steamodded file 'src/overrides.lua:348' 
	Local variables:
	 (*temporary) = table: 0x3679f8f8  {blind:table: 0x366cb3b8, force_focus:true, card:table: 0x367d8238, center_key:c_base, center:table: 0x36462ad8}
(6) Lua method 'update' at file 'engine/controller.lua:399'
	Local variables:
	 self = table: 0x3637f930  {held_button_times:table: 0x36380200, focus_cursor_stack_level:1, snap_cursor_to:table: 0x36300100, interrupt:table: 0x36380250, GAMEPAD:table: 0x36380a80 (more...)}
	 dt = number: 0.0166423
(7) Lua upvalue 'gameUpdateRef' at file 'game.lua:2715'
	Local variables:
	 self = table: 0x35ee2958  {F_GUIDE:false, F_CRASH_REPORTS:false, F_QUIT_BUTTON:true, collection_alert:table: 0x3674e078, F_ENGLISH_ONLY:false, sort_id:33, F_DISCORD:true (more...)}
	 dt = number: 0
(8) Lua method 'update' at Steamodded file 'src/ui.lua:124' 
	Local variables:
	 self = table: 0x35ee2958  {F_GUIDE:false, F_CRASH_REPORTS:false, F_QUIT_BUTTON:true, collection_alert:table: 0x3674e078, F_ENGLISH_ONLY:false, sort_id:33, F_DISCORD:true (more...)}
	 dt = number: 0.0166423
(9) Lua field 'update' at file 'main.lua:1007'
	Local variables:
	 dt = number: 0.0166423
(10) Lua function '?' at file 'main.lua:946' (best guess)
(11) global C function 'xpcall'
(12) LÖVE function at file 'boot.lua:377' (best guess)
	Local variables:
	 func = Lua function '?' (defined at line 917 of chunk main.lua)
	 inerror = boolean: true
	 deferErrhand = Lua function '(LÖVE Function)' (defined at line 348 of chunk [love "boot.lua"])
	 earlyinit = Lua function '(LÖVE Function)' (defined at line 355 of chunk [love "boot.lua"])

INFO - [G] file not found: main.lua: No such file or directory
INFO - [G] file not found: main.lua: No such file or directory
INFO - [G] 2025-09-09 21:22:17 :: INFO  :: StackTrace :: Additional Context:
Balatro Version: 1.0.1o-FULL
Modded Version: 1.0.0~BETA-0906c-STEAMODDED
LÖVE Version: 11.5.0
Lovely Version: 0.8.0
Platform: Windows
Steamodded Mods:
    1: Simple by Gonçalo, Braz, Hernani [ID: SimpleJoker]
Lovely Mods:
