INFO - [♥] Lovely 0.8.0
INFO - [♥] Game directory is at "C:\\Program Files (x86)\\Steam\\steamapps\\common\\Balatro"
INFO - [♥] Writing logs to "C:\\Users\\irene\\AppData\\Roaming\\Balatro\\Mods\\lovely\\log"
INFO - [♥] Using mod directory at "C:\\Users\\irene\\AppData\\Roaming\\Balatro\\Mods"
WARN - [♥] Unknown key `patches.0.?.match_indent` found in patch file at "C:\\Users\\irene\\AppData\\Roaming\\Balatro\\Mods\\smods-main\\lovely\\scoring_calculation.toml", ignoring it
INFO - [♥] Cleaning up dumps directory at "C:\\Users\\irene\\AppData\\Roaming\\Balatro\\Mods\\lovely\\dump"
INFO - [♥] Initialization complete in 64ms
INFO - [♥] Applied 9 patches to 'main.lua'
INFO - [♥] Applied 5 patches to 'engine/controller.lua'
INFO - [♥] Applied 15 patches to 'back.lua'
INFO - [♥] Applied 8 patches to 'tag.lua'
INFO - [♥] Applied 2 patches to 'engine/moveable.lua'
INFO - [♥] Applied 2 patches to 'engine/sprite.lua'
INFO - [♥] Applied 2 patches to 'engine/animatedsprite.lua'
INFO - [♥] Applied 78 patches to 'functions/misc_functions.lua'
INFO - [♥] Applied 48 patches to 'game.lua'
INFO - [♥] Applied 1 patch to 'globals.lua'
INFO - [♥] Applied 7 patches to 'engine/ui.lua'
INFO - [♥] Applied 102 patches to 'functions/UI_definitions.lua'
INFO - [♥] Applied 55 patches to 'functions/state_events.lua'
INFO - [♥] Applied 122 patches to 'functions/common_events.lua'
INFO - [♥] Applied 54 patches to 'functions/button_callbacks.lua'
WARN - [♥] Regex 'localize\\(\'k_upgrade_ex\'\\)\\}\\); return true\n[ \\t]*end\\}\\)\\)\n[ \\t]*end\n(?<indent>[ \\t]*)return' on target 'card.lua' for regex patch from smods-main\lovely\joker_retriggers.toml resulted in no matches
WARN - [♥] Regex '[ \\t]*G\\.C\\.MULT\\}\\)\n[ \\t]*return true\n[ \\t]*end\\)\\}\\)\\)\n(?<indent>[ \\t]*)end' on target 'card.lua' for regex patch from smods-main\lovely\joker_retriggers.toml resulted in no matches
WARN - [♥] Regex '[ \\t]*func = function\\(\\) card_eval_status_text\\(self, \'extra\', nil, nil, nil, \\{message = localize\\{type = \'variable\', key = \'a_xmult\', vars = \\{self\\.ability\\.caino_xmult\\}\\}\\}\\); return true\n(?<indent>[ \\t]*)end\\}\\)\\)' on target 'card.lua' for regex patch from smods-main\lovely\joker_retriggers.toml resulted in no matches
WARN - [♥] Regex 'glass_cards\\}\\}\\}\\)\n[ \\t]*return true\n[ \\t]*end\n(?<indent>[ \\t]*)\\}\\)\\)' on target 'card.lua' for regex patch from smods-main\lovely\joker_retriggers.toml resulted in no matches
INFO - [♥] Applied 218 patches to 'card.lua'
INFO - [♥] Applied 20 patches to 'cardarea.lua'
INFO - [♥] Applied 40 patches to 'blind.lua'
INFO - [♥] Applied 10 patches to 'card_character.lua'
INFO - [♥] Applied 10 patches to 'engine/text.lua'
INFO - [G] Failed to connect to the debug server
INFO - [G] 2025-09-09 20:35:51 :: DEBUG :: DebugConsole :: Steamodded Debug Socket started !
INFO - [G] 2025-09-09 20:35:51 :: INFO  :: SMODS :: Steamodded v1.0.0~BETA-0906c
INFO - [♥] Applied 9 patches to 'engine/sound_manager.lua'
INFO - [♥] Applied 1 patch to 'engine/save_manager.lua'
INFO - [G] 2025-09-09 20:35:53 :: ERROR :: Loader :: Found invalid metadata JSON file at C:\Users\irene\AppData\Roaming\Balatro\Mods/.vscode/settings.json, ignoring: [SMODS _ "src/loader.lua"]:226: id
INFO - [G] 2025-09-09 20:35:53 :: TRACE :: Loader :: Processing Mod file (Legacy header): Main.lua
INFO - [G] 2025-09-09 20:35:53 :: TRACE :: Loader :: Saving Mod Info: SimpleJoker
INFO - [G] 2025-09-09 20:35:53 :: INFO  :: TIMER :: [0000] Injected Fonts in 0.003 ms
INFO - [G] 2025-09-09 20:35:53 :: INFO  :: TIMER :: [0000] Injected DynaTextEffects in 0.004 ms
INFO - [G] 2025-09-09 20:35:53 :: INFO  :: TIMER :: [0000] Injected Language in 0.004 ms
INFO - [G] 2025-09-09 20:35:53 :: INFO  :: TIMER :: [0000] Injected [INTERNAL] in 2.407 ms
INFO - [G] 2025-09-09 20:35:53 :: INFO  :: TIMER :: [0005] Injected Atlas in 705.039 ms
INFO - [G] 2025-09-09 20:35:53 :: INFO  :: TIMER :: [0001] Injected Sound in 0.729 ms
INFO - [G] 2025-09-09 20:35:53 :: INFO  :: TIMER :: [0008] Injected Stake in 0.509 ms
INFO - [G] 2025-09-09 20:35:53 :: INFO  :: TIMER :: [0004] Injected Rarity in 0.063 ms
INFO - [G] 2025-09-09 20:35:53 :: INFO  :: TIMER :: [0004] Injected ObjectType in 0.161 ms
INFO - [G] 2025-09-09 20:35:54 :: INFO  :: TIMER :: [0052] Injected Center in 0.786 ms
INFO - [G] 2025-09-09 20:35:54 :: INFO  :: TIMER :: [0007] Injected Undiscovered Sprite in 0.074 ms
INFO - [G] 2025-09-09 20:35:54 :: INFO  :: TIMER :: [0003] Injected Blind in 0.055 ms
INFO - [G] 2025-09-09 20:35:54 :: INFO  :: TIMER :: [0004] Injected Seal in 0.263 ms
INFO - [G] 2025-09-09 20:35:54 :: INFO  :: TIMER :: [0004] Injected Suit in 0.117 ms
INFO - [G] 2025-09-09 20:35:54 :: INFO  :: TIMER :: [0013] Injected Rank in 0.337 ms
INFO - [G] 2025-09-09 20:35:54 :: INFO  :: TIMER :: [0028] Injected DeckSkin in 0.471 ms
INFO - [G] 2025-09-09 20:35:54 :: INFO  :: TIMER :: [0017] Injected JimboQuip in 0.095 ms
INFO - [G] 2025-09-09 20:35:54 :: INFO  :: TIMER :: [0012] Injected PokerHand in 0.101 ms
INFO - [G] 2025-09-09 20:35:54 :: INFO  :: TIMER :: [0020] Injected Challenge in 0.095 ms
INFO - [G] 2025-09-09 20:35:54 :: INFO  :: TIMER :: [0000] Injected Tag in 0.005 ms
INFO - [G] 2025-09-09 20:35:54 :: INFO  :: TIMER :: [0004] Injected Sticker in 0.637 ms
INFO - [G] 2025-09-09 20:35:54 :: INFO  :: TIMER :: [0000] Injected Shader in 0.003 ms
INFO - [G] 2025-09-09 20:35:54 :: INFO  :: TIMER :: [0002] Injected Keybind in 0.028 ms
INFO - [G] 2025-09-09 20:35:54 :: INFO  :: TIMER :: [0000] Injected Achievement in 0.048 ms
INFO - [G] 2025-09-09 20:35:54 :: INFO  :: TIMER :: [0002] Injected nil in 0.038 ms
INFO - [G] 2025-09-09 20:35:54 :: INFO  :: TIMER :: [0002] Injected Scoring_Parameters in 0.256 ms
INFO - [G] 2025-09-09 20:35:54 :: INFO  :: TIMER :: [0003] Injected Scoring_Calculations in 0.038 ms
INFO - [G] 2025-09-09 20:35:54 :: INFO  :: TIMER :: [0021] Injected Draw Step in 0.203 ms
INFO - [G] 2025-09-09 20:35:54 :: INFO  :: TIMER :: [0000] Injected [INTERNAL] in 0.202 ms
INFO - [G] line not found
INFO - [G] file not found: main.lua: No such file or directory
INFO - [G] file not found: main.lua: No such file or directory
INFO - [G] file not found: main.lua: No such file or directory
INFO - [G] file not found: main.lua: No such file or directory
INFO - [G] 2025-09-09 20:36:30 :: ERROR :: StackTrace :: Oops! The game crashed
functions/misc_functions.lua:737: attempt to index local 'C1' (a nil value)
Stack Traceback
===============
(1) Lua local 'handler' at file 'main.lua:612'
	Local variables:
	 msg = string: "functions/misc_functions.lua:737: attempt to index local 'C1' (a nil value)"
	 (*temporary) = Lua function '?' (defined at line 31 of chunk [SMODS _ "src/logging.lua"])
	 (*temporary) = string: "Oops! The game crashed\
"
(2) LÖVE metamethod at file 'boot.lua:352'
	Local variables:
	 errhand = Lua function '?' (defined at line 598 of chunk main.lua)
	 handler = Lua function '?' (defined at line 598 of chunk main.lua)
(3) Lua global 'mix_colours' at file 'functions/misc_functions.lua:737'
	Local variables:
	 C1 = nil
	 C2 = table: 0x1b2283a0  {1:0.37254901960784, 2:0.45098039215686, 3:0.46666666666667, 4:1}
	 proportionC1 = number: 0.4
	 (*temporary) = table: 0x1b835298  {}
	 (*temporary) = number: 5.75185e-313
	 (*temporary) = table: 0x1b4c3588  {pop_out:function: 0x1b4c3610, draw:function: 0x1b4c36b0, pulse:function: 0x1b4c3690, __call:function: 0x1b180920, set_quiver:function: 0x1b4c3670 (more...)}
	 (*temporary) = table: 0x1b77df18  {click_offset:table: 0x1b825fb0, children:table: 0x1b877f08, pop_in_rate:3, font:table: 0x1b6ea460, T:table: 0x1bb1c208, offset:table: 0x1bbaee50 (more...)}
	 (*temporary) = string: "attempt to index local 'C1' (a nil value)"
(4) Lua global 'create_UIBox_blind_popup' at file 'functions/UI_definitions.lua:4400'
	Local variables:
	 blind = table: 0x1b38ff18  {alerted:false, _saved_d_u:true, original_key:test, mod:table: 0x1b52d338, unlocked:true, _u:true, _discovered_unlocked_overwritten:true, order:33 (more...)}
	 discovered = boolean: true
	 vars = nil
	 blind_text = table: 0x1b4a79a0  {}
	 _dollars = number: 10
	 target = table: 0x1b24fa98  {type:raw_descriptions, vars:table: 0x1b75aa58, key:bl_xmpl_test, set:Blind}
	 loc_target = table: 0x1b7fb878  {1:1 in 2 chance for each card, 2:discarded to be destroyed}
	 loc_name = string: "test"
	 ability_text = table: 0x1b430d38  {1:table: 0x1b6f9068, 2:table: 0x1b6e1638}
	 stake_sprite = table: 0x1b676c58  {click_offset:table: 0x1b8cb228, children:table: 0x1b67d140, sprite_pos:table: 0x1b51d9c0, T:table: 0x1bb9d288, offset:table: 0x1b784738, role:table: 0x1b67d970 (more...)}
	 (*temporary) = number: 1
	 (*temporary) = table: 0x1b80e500  {n:4, config:table: 0x1b7bd4b0}
	 (*temporary) = table: 0x1b91cc18  {1:table: 0x1bbd0a58, 2:table: 0x1b1530e8, 3:table: 0x1b2e0318}
	 (*temporary) = table: 0x1bbfa588  {n:4}
	 (*temporary) = table: 0x1bbfa810  {padding:0.08, align:cm, minw:2.5, r:0.1, minh:0.9, emboss:0.05}
(5) Lua method 'hover' at Steamodded file 'src/overrides.lua:348' 
	Local variables:
	 (*temporary) = table: 0x1b678ca8  {blind:table: 0x1b38ff18, force_focus:true, card:table: 0x1bb6d5d8, center_key:c_base, center:table: 0x1b8cf190}
(6) Lua method 'update' at file 'engine/controller.lua:399'
	Local variables:
	 self = table: 0x1b6bb468  {held_button_times:table: 0x1b6bbd38, focus_cursor_stack_level:1, snap_cursor_to:table: 0x1b673830, interrupt:table: 0x1b6bbd88, GAMEPAD:table: 0x1b6bc5b8 (more...)}
	 dt = number: 0.0166346
(7) Lua upvalue 'gameUpdateRef' at file 'game.lua:2715'
	Local variables:
	 self = table: 0x1b222d18  {F_GUIDE:false, F_CRASH_REPORTS:false, F_QUIT_BUTTON:true, collection_alert:table: 0x1ba57a18, F_ENGLISH_ONLY:false, sort_id:64, F_DISCORD:true (more...)}
	 dt = number: 0
(8) Lua method 'update' at Steamodded file 'src/ui.lua:124' 
	Local variables:
	 self = table: 0x1b222d18  {F_GUIDE:false, F_CRASH_REPORTS:false, F_QUIT_BUTTON:true, collection_alert:table: 0x1ba57a18, F_ENGLISH_ONLY:false, sort_id:64, F_DISCORD:true (more...)}
	 dt = number: 0.0166346
(9) Lua field 'update' at file 'main.lua:1007'
	Local variables:
	 dt = number: 0.0166346
(10) Lua function '?' at file 'main.lua:946' (best guess)
(11) global C function 'xpcall'
(12) LÖVE function at file 'boot.lua:377' (best guess)
	Local variables:
	 func = Lua function '?' (defined at line 917 of chunk main.lua)
	 inerror = boolean: true
	 deferErrhand = Lua function '(LÖVE Function)' (defined at line 348 of chunk [love "boot.lua"])
	 earlyinit = Lua function '(LÖVE Function)' (defined at line 355 of chunk [love "boot.lua"])

INFO - [G] file not found: main.lua: No such file or directory
INFO - [G] file not found: main.lua: No such file or directory
INFO - [G] 2025-09-09 20:36:30 :: INFO  :: StackTrace :: Additional Context:
Balatro Version: 1.0.1o-FULL
Modded Version: 1.0.0~BETA-0906c-STEAMODDED
LÖVE Version: 11.5.0
Lovely Version: 0.8.0
Platform: Windows
Steamodded Mods:
    1: Simple by Gonçalo, Braz, Hernani [ID: SimpleJoker]
Lovely Mods:
