INFO - [♥] Lovely 0.8.0
INFO - [♥] Game directory is at "C:\\Program Files (x86)\\Steam\\steamapps\\common\\Balatro"
INFO - [♥] Writing logs to "C:\\Users\\irene\\AppData\\Roaming\\Balatro\\Mods\\lovely\\log"
INFO - [♥] Using mod directory at "C:\\Users\\irene\\AppData\\Roaming\\Balatro\\Mods"
WARN - [♥] Unknown key `patches.0.?.match_indent` found in patch file at "C:\\Users\\irene\\AppData\\Roaming\\Balatro\\Mods\\smods-main\\lovely\\scoring_calculation.toml", ignoring it
INFO - [♥] Cleaning up dumps directory at "C:\\Users\\irene\\AppData\\Roaming\\Balatro\\Mods\\lovely\\dump"
INFO - [♥] Initialization complete in 2614ms
INFO - [♥] Applied 9 patches to 'main.lua'
INFO - [♥] Applied 5 patches to 'engine/controller.lua'
INFO - [♥] Applied 15 patches to 'back.lua'
INFO - [♥] Applied 8 patches to 'tag.lua'
INFO - [♥] Applied 2 patches to 'engine/moveable.lua'
INFO - [♥] Applied 2 patches to 'engine/sprite.lua'
INFO - [♥] Applied 2 patches to 'engine/animatedsprite.lua'
INFO - [♥] Applied 78 patches to 'functions/misc_functions.lua'
INFO - [♥] Applied 48 patches to 'game.lua'
INFO - [♥] Applied 1 patch to 'globals.lua'
INFO - [♥] Applied 7 patches to 'engine/ui.lua'
INFO - [♥] Applied 102 patches to 'functions/UI_definitions.lua'
INFO - [♥] Applied 55 patches to 'functions/state_events.lua'
INFO - [♥] Applied 122 patches to 'functions/common_events.lua'
INFO - [♥] Applied 54 patches to 'functions/button_callbacks.lua'
WARN - [♥] Regex 'localize\\(\'k_upgrade_ex\'\\)\\}\\); return true\n[ \\t]*end\\}\\)\\)\n[ \\t]*end\n(?<indent>[ \\t]*)return' on target 'card.lua' for regex patch from smods-main\lovely\joker_retriggers.toml resulted in no matches
WARN - [♥] Regex '[ \\t]*G\\.C\\.MULT\\}\\)\n[ \\t]*return true\n[ \\t]*end\\)\\}\\)\\)\n(?<indent>[ \\t]*)end' on target 'card.lua' for regex patch from smods-main\lovely\joker_retriggers.toml resulted in no matches
WARN - [♥] Regex '[ \\t]*func = function\\(\\) card_eval_status_text\\(self, \'extra\', nil, nil, nil, \\{message = localize\\{type = \'variable\', key = \'a_xmult\', vars = \\{self\\.ability\\.caino_xmult\\}\\}\\}\\); return true\n(?<indent>[ \\t]*)end\\}\\)\\)' on target 'card.lua' for regex patch from smods-main\lovely\joker_retriggers.toml resulted in no matches
WARN - [♥] Regex 'glass_cards\\}\\}\\}\\)\n[ \\t]*return true\n[ \\t]*end\n(?<indent>[ \\t]*)\\}\\)\\)' on target 'card.lua' for regex patch from smods-main\lovely\joker_retriggers.toml resulted in no matches
INFO - [♥] Applied 218 patches to 'card.lua'
INFO - [♥] Applied 20 patches to 'cardarea.lua'
INFO - [♥] Applied 40 patches to 'blind.lua'
INFO - [♥] Applied 10 patches to 'card_character.lua'
INFO - [♥] Applied 10 patches to 'engine/text.lua'
INFO - [G] Failed to connect to the debug server
INFO - [G] 2025-09-08 16:31:51 :: DEBUG :: DebugConsole :: Steamodded Debug Socket started !
INFO - [G] 2025-09-08 16:31:51 :: INFO  :: SMODS :: Steamodded v1.0.0~BETA-0906c
INFO - [♥] Applied 9 patches to 'engine/sound_manager.lua'
INFO - [♥] Applied 1 patch to 'engine/save_manager.lua'
INFO - [G] 2025-09-08 16:31:53 :: INFO  :: Loader :: Valid JSON file found
INFO - [G] line not found
INFO - [G] file not found: main.lua: No such file or directory
INFO - [G] file not found: main.lua: No such file or directory
INFO - [G] line not found
INFO - [G] line not found
INFO - [G] file not found: main.lua: No such file or directory
INFO - [G] 2025-09-08 16:31:53 :: ERROR :: StackTrace :: Oops! The game crashed
[SMODS my_mod "main.lua"]:12: attempt to call global 'loc_txt' (a nil value)
Stack Traceback
===============
(1) Lua local 'handler' at file 'main.lua:612'
	Local variables:
	 msg = string: "[SMODS my_mod \"main.lua\"]:12: attempt to call global 'loc_txt' (a nil value)"
	 (*temporary) = Lua function '?' (defined at line 31 of chunk [SMODS _ "src/logging.lua"])
	 (*temporary) = string: "Oops! The game crashed\
"
(2) LÖVE global at file 'boot.lua:352'
	Local variables:
	 errhand = Lua function '?' (defined at line 598 of chunk main.lua)
	 handler = Lua function '?' (defined at line 598 of chunk main.lua)
(3) main chunk of file 'main.lua' at line 12 (from mod with id my_mod)
(4) Lua global 'loadMods' at Steamodded file 'src/loader.lua:571' 
	Local variables:
	 modsDirectory = string: "C:\\Users\\irene\\AppData\\Roaming\\Balatro\\Mods"
	 header_components = table: 0x2cf27460  {version:table: 0x2cf57830, id:table: 0x2cee8dd0, conflicts:table: 0x2cf67c20, outdated:table: 0x2ce3f768, prefix:table: 0x2ce5e6a8, dump_loc:table: 0x2ca1d878 (more...)}
	 json_spec = table: 0x2cf4eca0  {version:table: 0x2ce446a8, id:table: 0x2cf4ecc8, main_file:table: 0x2ce2c728, __:table: 0x2cf4f0f8, badge_colour:table: 0x2ceb9e20, badge_text_colour:table: 0x2ceb9e80 (more...)}
	 used_prefixes = table: 0x2cf09260  {}
	 lovely_directories = table: 0x2cf09288  {}
	 processDirectory = Lua function '?' (defined at line 185 of chunk [SMODS _ "src/loader.lua"])
	 keyset = table: 0x2ce9e2e0  {1:-100}
	 check_dependencies = Lua function '?' (defined at line 419 of chunk [SMODS _ "src/loader.lua"])
	 (for generator) = C function: builtin#6
	 (for state) = table: 0x2ce9e2e0  {1:-100}
	 (for control) = number: 1
	 _ = number: 1
	 priority = number: -100
	 (for generator) = C function: builtin#6
	 (for state) = table: 0x2ce7ebb0  {1:table: 0x2cf0f9f8}
	 (for control) = number: 1
	 _ = number: 1
	 mod = table: 0x2cf0f9f8  {version:1.0.0, id:my_mod, main_file:main.lua, can_load:true, badge_colour:table: 0x2cd9d2f8, badge_text_colour:table: 0x2cd9d348, priority:-100 (more...)}
(5) Lua global 'initSteamodded' at Steamodded file 'src/loader.lua:657' 
(6) Lua method 'start_up' at file 'game.lua:211'
	Local variables:
	 self = table: 0x2c8d2bb8  {SPEEDFACTOR:1, F_GUIDE:false, keybind_mapping:table: 0x2c8ddbb0, F_CRASH_REPORTS:false, P_CARDS:table: 0x2cf77208, shared_undiscovered_joker:table: 0x2c8924f0 (more...)}
	 settings = string: "return {[\"version\"]=\"1.0.1o-FULL\",[\"paused\"]=true,[\"QUEUED_CHANGE\"]={},[\"COMP\"]={[\"prev_name\"]=\"\",[\"name\"]=\"\",[\"score\"]=553972.5,},[\"colourblind_option\"]=false,[\"play_button_pos\"]=2,[\"CUSTOM_DECK\"]={[\"Collabs\"]={[\"Spades\"]=\"default_Spades\",[\"Hearts\"]=\"default_Hearts\",[\"Diamonds\"]=\"default_Diamonds\",[\"Clubs\"]=\"default_Clubs\",},},[\"colour_palettes\"]={[\"Spades\"]=\"lc\",[\"Hearts\"]=\"lc\",[\"Diamonds\"]=\"lc\",[\"Clubs\"]=\"lc\",},[\"crashreports\"]=false,[\"tutorial_progress\"]={[\"hold_parts\"]={[\"first_hand_3\"]=true,[\"small_blind\"]=true,[\"big_blind\"]=true,[\"first_hand_4\"]=true,[\"second_hand\"]=true,[\"shop_1\"]=true,[\"first_hand_2\"]=true,[\"first_hand\"]=true,},[\"section\"]=\"second_hand\",[\"completed_parts\"]={[\"first_hand\"]=true,[\"first_hand_3\"]=true,[\"small_blind\"]=true,[\"big_blind\"]=true,[\"first_hand_4\"]=true,[\"shop_1\"]=true,[\"first_hand_section\"]=true,[\"first_hand_2\"]=true,[\"second_hand\"]=true,},},[\"language\"]=\"en-us\",[\"tutorial_complete\"]=true,[\"WINDOW\"]={[\"vsync\"]=1,[\"display_names\"]={[1]=\"1\",},[\"screenmode\"]=\"Windowed\",[\"DISPLAYS\"]={[1]={[\"screen_resolutions\"]={[\"strings\"]={[1]=\"-\",},[\"values\"]={[1]={[\"w\"]=1280,[\"h\"]=720,},},},[\"screen_res\"]={[\"w\"]=1536,[\"h\"]=864,},[\"DPI_scale\"]=1,[\"MONITOR_DIMS\"]={[\"height\"]=1080,[\"width\"]=1920,},},},[\"selected_display\"]=1,},[\"run_stake_stickers\"]=false,[\"GAMESPEED\"]=4,[\"SOUND\"]={[\"volume\"]=50,[\"music_volume\"]=100,[\"game_sounds_volume\"]=100,},[\"music_control\"]={[\"current_track\"]=\"\",[\"desired_track\"]=\"\",[\"lerp\"]=1,},[\"ACHIEVEMENTS_EARNED\"]={[\"ante_upper\"]=true,[\"royale\"]=true,[\"retrograde\"]=true,[\"heads_up\"]=true,[\"cartomancy\"]=true,[\"ante_up\"]=true,[\"_10k\"]=true,},[\"screenshake\"]=50,[\"current_setup\"]=\"New Run\",[\"profile\"]=1,[\"ambient_control\"]={[\"ambientFire1\"]={[\"per\"]=1.1,[\"vol\"]=0,},[\"ambientOrgan1\"]={[\"per\"]=0.7,[\"vol\"]=0,},[\"ambientFire2\"]={[\"per\"]=1.05,[\"vol\"]=0,},[\"ambientFire3\"]={[\"per\"]=1,[\"vol\"]=0,},},[\"DEMO\"]={[\"win_CTA_shown\"]=true,[\"quit_CTA_shown\"]=true,[\"timed_CTA_shown\"]=true,[\"total_uptime\"]=25.051201450209,},[\"GRAPHICS\"]={[\"texture_scaling\"]=2,[\"crt\"]=70,[\"shadows\"]=\"On\",[\"bloom\"]=1,},}"
	 settings_ver = nil
	 new_colour_proto = table: 0x2c8db100  {Spades:table: 0x2c8db388, Hearts:table: 0x2c8db1f8, Diamonds:table: 0x2c8db2b0, Clubs:table: 0x2c8db420}
	 sound_files = table: 0x2cc4a6d8  {1:ambientFire1.ogg, 2:ambientFire2.ogg, 3:ambientFire3.ogg, 4:ambientOrgan1.ogg, 5:button.ogg, 6:cancel.ogg, 7:card1.ogg, 8:card3.ogg, 9:cardFan2.ogg (more...)}
	 shader_files = table: 0x2cc4e5c0  {1:CRT.fs, 2:background.fs, 3:booster.fs, 4:debuff.fs, 5:dissolve.fs, 6:flame.fs, 7:flash.fs, 8:foil.fs, 9:gold_seal.fs, 10:holo.fs, 11:hologram.fs (more...)}
(7) Lua field 'load' at file 'main.lua:960'
(8) Lua function '?' at file 'main.lua:907' (best guess)
(9) global C function 'xpcall'
(10) LÖVE function at file 'boot.lua:368' (best guess)
	Local variables:
	 result = boolean: true
	 main = nil
(11) global C function 'xpcall'
(12) LÖVE function at file 'boot.lua:377' (best guess)
	Local variables:
	 func = Lua function '(LÖVE Function)' (defined at line 355 of chunk [love "boot.lua"])
	 inerror = boolean: true
	 deferErrhand = Lua function '(LÖVE Function)' (defined at line 348 of chunk [love "boot.lua"])
	 earlyinit = Lua function '(LÖVE Function)' (defined at line 355 of chunk [love "boot.lua"])

INFO - [G] line not found
INFO - [G] line not found
INFO - [G] file not found: main.lua: No such file or directory
INFO - [G] 2025-09-08 16:31:53 :: INFO  :: StackTrace :: Additional Context:
Balatro Version: 1.0.1o-FULL
Modded Version: 1.0.0~BETA-0906c-STEAMODDED
LÖVE Version: 11.5.0
Lovely Version: 0.8.0
Platform: Windows
Steamodded Mods:
    1: Mymod by Gon [ID: my_mod, Priority: -100, Version: 1.0.0]
Lovely Mods:
