INFO - [♥] Lovely 0.8.0
INFO - [♥] Game directory is at "C:\\Program Files (x86)\\Steam\\steamapps\\common\\Balatro"
INFO - [♥] Writing logs to "C:\\Users\\irene\\AppData\\Roaming\\Balatro\\Mods\\lovely\\log"
INFO - [♥] Using mod directory at "C:\\Users\\irene\\AppData\\Roaming\\Balatro\\Mods"
WARN - [♥] Unknown key `patches.0.?.match_indent` found in patch file at "C:\\Users\\irene\\AppData\\Roaming\\Balatro\\Mods\\smods-main\\lovely\\scoring_calculation.toml", ignoring it
INFO - [♥] Cleaning up dumps directory at "C:\\Users\\irene\\AppData\\Roaming\\Balatro\\Mods\\lovely\\dump"
INFO - [♥] Initialization complete in 97ms
INFO - [♥] Applied 9 patches to 'main.lua'
INFO - [♥] Applied 5 patches to 'engine/controller.lua'
INFO - [♥] Applied 15 patches to 'back.lua'
INFO - [♥] Applied 8 patches to 'tag.lua'
INFO - [♥] Applied 2 patches to 'engine/moveable.lua'
INFO - [♥] Applied 2 patches to 'engine/sprite.lua'
INFO - [♥] Applied 2 patches to 'engine/animatedsprite.lua'
INFO - [♥] Applied 78 patches to 'functions/misc_functions.lua'
INFO - [♥] Applied 48 patches to 'game.lua'
INFO - [♥] Applied 1 patch to 'globals.lua'
INFO - [♥] Applied 7 patches to 'engine/ui.lua'
INFO - [♥] Applied 102 patches to 'functions/UI_definitions.lua'
INFO - [♥] Applied 55 patches to 'functions/state_events.lua'
INFO - [♥] Applied 122 patches to 'functions/common_events.lua'
INFO - [♥] Applied 54 patches to 'functions/button_callbacks.lua'
WARN - [♥] Regex 'localize\\(\'k_upgrade_ex\'\\)\\}\\); return true\n[ \\t]*end\\}\\)\\)\n[ \\t]*end\n(?<indent>[ \\t]*)return' on target 'card.lua' for regex patch from smods-main\lovely\joker_retriggers.toml resulted in no matches
WARN - [♥] Regex '[ \\t]*G\\.C\\.MULT\\}\\)\n[ \\t]*return true\n[ \\t]*end\\)\\}\\)\\)\n(?<indent>[ \\t]*)end' on target 'card.lua' for regex patch from smods-main\lovely\joker_retriggers.toml resulted in no matches
WARN - [♥] Regex '[ \\t]*func = function\\(\\) card_eval_status_text\\(self, \'extra\', nil, nil, nil, \\{message = localize\\{type = \'variable\', key = \'a_xmult\', vars = \\{self\\.ability\\.caino_xmult\\}\\}\\}\\); return true\n(?<indent>[ \\t]*)end\\}\\)\\)' on target 'card.lua' for regex patch from smods-main\lovely\joker_retriggers.toml resulted in no matches
WARN - [♥] Regex 'glass_cards\\}\\}\\}\\)\n[ \\t]*return true\n[ \\t]*end\n(?<indent>[ \\t]*)\\}\\)\\)' on target 'card.lua' for regex patch from smods-main\lovely\joker_retriggers.toml resulted in no matches
INFO - [♥] Applied 218 patches to 'card.lua'
INFO - [♥] Applied 20 patches to 'cardarea.lua'
INFO - [♥] Applied 40 patches to 'blind.lua'
INFO - [♥] Applied 10 patches to 'card_character.lua'
INFO - [♥] Applied 10 patches to 'engine/text.lua'
INFO - [G] Failed to connect to the debug server
INFO - [G] 2025-09-08 17:25:53 :: DEBUG :: DebugConsole :: Steamodded Debug Socket started !
INFO - [G] 2025-09-08 17:25:53 :: INFO  :: SMODS :: Steamodded v1.0.0~BETA-0906c
INFO - [♥] Applied 9 patches to 'engine/sound_manager.lua'
INFO - [♥] Applied 1 patch to 'engine/save_manager.lua'
INFO - [G] 2025-09-08 17:25:55 :: ERROR :: Loader :: Found invalid metadata JSON file at C:\Users\irene\AppData\Roaming\Balatro\Mods/.vscode/settings.json, ignoring: [SMODS _ "src/loader.lua"]:226: id
INFO - [G] 2025-09-08 17:25:55 :: TRACE :: Loader :: Processing Mod file (Legacy header): main.lua
INFO - [G] 2025-09-08 17:25:55 :: TRACE :: Loader :: Saving Mod Info: EXAMPLEJOKER
INFO - [G] 2025-09-08 17:25:55 :: TRACE :: Loader :: Processing Mod file (Legacy header): Main.lua
INFO - [G] 2025-09-08 17:25:55 :: TRACE :: Loader :: Saving Mod Info: SimpleJoker
INFO - [G] 2025-09-08 17:25:55 :: WARN  :: ConsumableType :: Object DerekConsumableType has the same key as an existing object, not registering.
INFO - [G] 2025-09-08 17:25:55 :: WARN  :: ConsumableType :: If you want to modify an existing object, use take_ownership()
INFO - [G] 2025-09-08 17:25:55 :: WARN  :: Undiscovered Sprite :: Object DerekConsumableType has the same key as an existing object, not registering.
INFO - [G] 2025-09-08 17:25:55 :: WARN  :: Undiscovered Sprite :: If you want to modify an existing object, use take_ownership()
INFO - [G] 2025-09-08 17:25:55 :: INFO  :: TIMER :: [0000] Injected Fonts in 0.004 ms
INFO - [G] 2025-09-08 17:25:55 :: INFO  :: TIMER :: [0000] Injected DynaTextEffects in 0.004 ms
INFO - [G] 2025-09-08 17:25:55 :: INFO  :: TIMER :: [0000] Injected Language in 0.004 ms
INFO - [G] 2025-09-08 17:25:55 :: INFO  :: TIMER :: [0000] Injected [INTERNAL] in 1.799 ms
INFO - [G] 2025-09-08 17:25:56 :: INFO  :: TIMER :: [0004] Injected Atlas in 808.589 ms
INFO - [G] 2025-09-08 17:25:56 :: INFO  :: TIMER :: [0001] Injected Sound in 0.593 ms
INFO - [G] 2025-09-08 17:25:56 :: INFO  :: TIMER :: [0008] Injected Stake in 0.380 ms
INFO - [G] 2025-09-08 17:25:56 :: INFO  :: TIMER :: [0004] Injected Rarity in 0.050 ms
INFO - [G] 2025-09-08 17:25:56 :: INFO  :: TIMER :: [0005] Injected ObjectType in 0.097 ms
INFO - [G] 2025-09-08 17:25:56 :: INFO  :: TIMER :: [0054] Injected Center in 0.787 ms
INFO - [G] 2025-09-08 17:25:56 :: INFO  :: TIMER :: [0008] Injected Undiscovered Sprite in 0.050 ms
INFO - [G] 2025-09-08 17:25:56 :: INFO  :: TIMER :: [0002] Injected Blind in 0.168 ms
INFO - [G] 2025-09-08 17:25:56 :: INFO  :: TIMER :: [0004] Injected Seal in 0.454 ms
INFO - [G] 2025-09-08 17:25:56 :: INFO  :: TIMER :: [0004] Injected Suit in 0.164 ms
INFO - [G] 2025-09-08 17:25:56 :: INFO  :: TIMER :: [0013] Injected Rank in 0.265 ms
INFO - [G] 2025-09-08 17:25:56 :: INFO  :: TIMER :: [0028] Injected DeckSkin in 0.534 ms
INFO - [G] 2025-09-08 17:25:56 :: INFO  :: TIMER :: [0017] Injected JimboQuip in 0.077 ms
INFO - [G] 2025-09-08 17:25:56 :: INFO  :: TIMER :: [0012] Injected PokerHand in 0.239 ms
INFO - [G] 2025-09-08 17:25:56 :: INFO  :: TIMER :: [0020] Injected Challenge in 0.084 ms
INFO - [G] 2025-09-08 17:25:56 :: INFO  :: TIMER :: [0000] Injected Tag in 0.003 ms
INFO - [G] 2025-09-08 17:25:56 :: INFO  :: TIMER :: [0004] Injected Sticker in 0.142 ms
INFO - [G] 2025-09-08 17:25:56 :: INFO  :: TIMER :: [0000] Injected Shader in 0.003 ms
INFO - [G] 2025-09-08 17:25:56 :: INFO  :: TIMER :: [0002] Injected Keybind in 0.038 ms
INFO - [G] 2025-09-08 17:25:56 :: INFO  :: TIMER :: [0000] Injected Achievement in 0.040 ms
INFO - [G] 2025-09-08 17:25:56 :: INFO  :: TIMER :: [0002] Injected nil in 0.033 ms
INFO - [G] 2025-09-08 17:25:56 :: INFO  :: TIMER :: [0002] Injected Scoring_Parameters in 0.220 ms
INFO - [G] 2025-09-08 17:25:56 :: INFO  :: TIMER :: [0003] Injected Scoring_Calculations in 0.034 ms
INFO - [G] 2025-09-08 17:25:56 :: INFO  :: TIMER :: [0021] Injected Draw Step in 0.308 ms
INFO - [G] 2025-09-08 17:25:56 :: INFO  :: TIMER :: [0000] Injected [INTERNAL] in 0.350 ms
