INFO - [♥] Lovely 0.8.0
INFO - [♥] Game directory is at "C:\\Program Files (x86)\\Steam\\steamapps\\common\\Balatro"
INFO - [♥] Writing logs to "C:\\Users\\irene\\AppData\\Roaming\\Balatro\\Mods\\lovely\\log"
INFO - [♥] Using mod directory at "C:\\Users\\irene\\AppData\\Roaming\\Balatro\\Mods"
WARN - [♥] Unknown key `patches.0.?.match_indent` found in patch file at "C:\\Users\\irene\\AppData\\Roaming\\Balatro\\Mods\\smods-main\\lovely\\scoring_calculation.toml", ignoring it
INFO - [♥] Cleaning up dumps directory at "C:\\Users\\irene\\AppData\\Roaming\\Balatro\\Mods\\lovely\\dump"
INFO - [♥] Initialization complete in 97ms
INFO - [♥] Applied 9 patches to 'main.lua'
INFO - [♥] Applied 5 patches to 'engine/controller.lua'
INFO - [♥] Applied 15 patches to 'back.lua'
INFO - [♥] Applied 8 patches to 'tag.lua'
INFO - [♥] Applied 2 patches to 'engine/moveable.lua'
INFO - [♥] Applied 2 patches to 'engine/sprite.lua'
INFO - [♥] Applied 2 patches to 'engine/animatedsprite.lua'
INFO - [♥] Applied 78 patches to 'functions/misc_functions.lua'
INFO - [♥] Applied 48 patches to 'game.lua'
INFO - [♥] Applied 1 patch to 'globals.lua'
INFO - [♥] Applied 7 patches to 'engine/ui.lua'
INFO - [♥] Applied 102 patches to 'functions/UI_definitions.lua'
INFO - [♥] Applied 55 patches to 'functions/state_events.lua'
INFO - [♥] Applied 122 patches to 'functions/common_events.lua'
INFO - [♥] Applied 54 patches to 'functions/button_callbacks.lua'
WARN - [♥] Regex 'localize\\(\'k_upgrade_ex\'\\)\\}\\); return true\n[ \\t]*end\\}\\)\\)\n[ \\t]*end\n(?<indent>[ \\t]*)return' on target 'card.lua' for regex patch from smods-main\lovely\joker_retriggers.toml resulted in no matches
WARN - [♥] Regex '[ \\t]*G\\.C\\.MULT\\}\\)\n[ \\t]*return true\n[ \\t]*end\\)\\}\\)\\)\n(?<indent>[ \\t]*)end' on target 'card.lua' for regex patch from smods-main\lovely\joker_retriggers.toml resulted in no matches
WARN - [♥] Regex '[ \\t]*func = function\\(\\) card_eval_status_text\\(self, \'extra\', nil, nil, nil, \\{message = localize\\{type = \'variable\', key = \'a_xmult\', vars = \\{self\\.ability\\.caino_xmult\\}\\}\\}\\); return true\n(?<indent>[ \\t]*)end\\}\\)\\)' on target 'card.lua' for regex patch from smods-main\lovely\joker_retriggers.toml resulted in no matches
WARN - [♥] Regex 'glass_cards\\}\\}\\}\\)\n[ \\t]*return true\n[ \\t]*end\n(?<indent>[ \\t]*)\\}\\)\\)' on target 'card.lua' for regex patch from smods-main\lovely\joker_retriggers.toml resulted in no matches
INFO - [♥] Applied 218 patches to 'card.lua'
INFO - [♥] Applied 20 patches to 'cardarea.lua'
INFO - [♥] Applied 40 patches to 'blind.lua'
INFO - [♥] Applied 10 patches to 'card_character.lua'
INFO - [♥] Applied 10 patches to 'engine/text.lua'
INFO - [G] Failed to connect to the debug server
INFO - [G] 2025-09-09 16:32:03 :: DEBUG :: DebugConsole :: Steamodded Debug Socket started !
INFO - [G] 2025-09-09 16:32:03 :: INFO  :: SMODS :: Steamodded v1.0.0~BETA-0906c
INFO - [♥] Applied 9 patches to 'engine/sound_manager.lua'
INFO - [♥] Applied 1 patch to 'engine/save_manager.lua'
INFO - [G] 2025-09-09 16:32:05 :: ERROR :: Loader :: Found invalid metadata JSON file at C:\Users\irene\AppData\Roaming\Balatro\Mods/.vscode/settings.json, ignoring: [SMODS _ "src/loader.lua"]:226: id
INFO - [G] 2025-09-09 16:32:05 :: TRACE :: Loader :: Processing Mod file (Legacy header): blinds.lua
INFO - [G] 2025-09-09 16:32:05 :: TRACE :: Loader :: Saving Mod Info: SimpleJoker
INFO - [G] 2025-09-09 16:32:05 :: TRACE :: Loader :: Processing Mod file (Legacy header): main.lua
INFO - [G] 2025-09-09 16:32:05 :: TRACE :: Loader :: Saving Mod Info: EXAMPLEJOKER
INFO - [G] 2025-09-09 16:32:05 :: TRACE :: Loader :: Processing Mod file (Legacy header): Main.lua
INFO - [G] 2025-09-09 16:32:05 :: WARN  :: Loader :: Duplicate Mod ID: SimpleJoker
INFO - [G] 2025-09-09 16:32:05 :: INFO  :: TIMER :: [0000] Injected Fonts in 0.002 ms
INFO - [G] 2025-09-09 16:32:05 :: INFO  :: TIMER :: [0000] Injected DynaTextEffects in 0.004 ms
INFO - [G] 2025-09-09 16:32:05 :: INFO  :: TIMER :: [0000] Injected Language in 0.005 ms
INFO - [G] 2025-09-09 16:32:05 :: INFO  :: TIMER :: [0000] Injected [INTERNAL] in 1.820 ms
INFO - [G] line not found
INFO - [G] file not found: main.lua: No such file or directory
INFO - [G] file not found: main.lua: No such file or directory
INFO - [G] file not found: main.lua: No such file or directory
INFO - [G] 2025-09-09 16:32:06 :: ERROR :: StackTrace :: Oops! The game crashed
[SMODS _ "src/game_object.lua"]:437: Failed to collect file data for Atlas xmpr_test
Stack Traceback
===============
(1) Lua local 'handler' at file 'main.lua:612'
	Local variables:
	 msg = string: "[SMODS _ \"src/game_object.lua\"]:437: Failed to collect file data for Atlas xmpr_test"
	 (*temporary) = Lua function '?' (defined at line 31 of chunk [SMODS _ "src/logging.lua"])
	 (*temporary) = string: "Oops! The game crashed\
"
(2) LÖVE function at file 'boot.lua:352' (best guess)
	Local variables:
	 errhand = Lua function '?' (defined at line 598 of chunk main.lua)
	 handler = Lua function '?' (defined at line 598 of chunk main.lua)
(3) global C function 'assert'
(4) Lua method 'inject' at Steamodded file 'src/game_object.lua:437' 
	Local variables:
	 self = table: 0x39c83440  {full_path:C:\Users\irene\AppData\Roaming\Balatro\Mods/Blinds/assets/2x/image.png, atlas:Atlas, _saved_d_u:true, original_key:test, px:34, path:image.png (more...)}
	 file_path = string: "image.png"
(5) Lua method 'inject_class' at Steamodded file 'src/game_object.lua:183' 
	Local variables:
	 self = table: 0x39d9ca38  {required_params:table: 0x39d6c488, pre_inject_class:function: 0x39bd9450, set:Atlas, subclasses:table: 0x39ca3da0, disable_mipmap:false, atlas_table:ASSET_ATLAS (more...)}
	 inject_time = number: 0.817382
	 start_time = number: 8.78546
	 end_time = number: 8.78546
	 o = table: 0x39c83440  {full_path:C:\Users\irene\AppData\Roaming\Balatro\Mods/Blinds/assets/2x/image.png, atlas:Atlas, _saved_d_u:true, original_key:test, px:34, path:image.png (more...)}
	 (for generator) = C function: builtin#6
	 (for state) = table: 0x39d314d8  {1:mod_tags, 2:achievements, 3:sjfm_Jokers, 4:xmpr_test}
	 (for control) = number: 4
	 i = number: 4
	 key = string: "xmpr_test"
(6) Lua field 'injectObjects' at Steamodded file 'src/game_object.lua:257' 
	Local variables:
	 class = table: 0x39d9ca38  {required_params:table: 0x39d6c488, pre_inject_class:function: 0x39bd9450, set:Atlas, subclasses:table: 0x39ca3da0, disable_mipmap:false, atlas_table:ASSET_ATLAS (more...)}
(7) Lua field 'injectObjects' at Steamodded file 'src/game_object.lua:259' 
	Local variables:
	 class = table: 0x39d99e30  {check_duplicate_register:function: 0x39bb8d98, check_duplicate_key:function: 0x39b8cb58, subclasses:table: 0x39db18b8, obj_list:function: 0x39cdc9d0 (more...)}
	 (for generator) = C function: builtin#6
	 (for state) = table: 0x39db18b8  {1:table: 0x39c60a50, 2:table: 0x39b88430, 3:table: 0x39cb55f0, 4:table: 0x39d30c80, 5:table: 0x39d9ca38, 6:table: 0x39d9f820, 7:table: 0x39d96368 (more...)}
	 (for control) = number: 5
	 _ = number: 5
	 subclass = table: 0x39d9ca38  {required_params:table: 0x39d6c488, pre_inject_class:function: 0x39bd9450, set:Atlas, subclasses:table: 0x39ca3da0, disable_mipmap:false, atlas_table:ASSET_ATLAS (more...)}
(8) Lua field 'injectItems' at Steamodded file 'src/loader.lua:608' 
(9) Lua global 'initSteamodded' at Steamodded file 'src/loader.lua:661' 
(10) Lua method 'start_up' at file 'game.lua:211'
	Local variables:
	 self = table: 0x39b82c30  {SPEEDFACTOR:1, F_GUIDE:false, keybind_mapping:table: 0x39b8dc30, F_CRASH_REPORTS:false, P_CARDS:table: 0x3a2272a0, shared_undiscovered_joker:table: 0x3a1b34d0 (more...)}
	 settings = string: "return {[\"version\"]=\"1.0.1o-FULL\",[\"paused\"]=true,[\"QUEUED_CHANGE\"]={},[\"COMP\"]={[\"prev_name\"]=\"\",[\"name\"]=\"\",[\"score\"]=553972.5,},[\"colourblind_option\"]=false,[\"play_button_pos\"]=2,[\"CUSTOM_DECK\"]={[\"Collabs\"]={[\"Spades\"]=\"default_Spades\",[\"Hearts\"]=\"default_Hearts\",[\"Diamonds\"]=\"default_Diamonds\",[\"Clubs\"]=\"default_Clubs\",},},[\"colour_palettes\"]={[\"Spades\"]=\"lc\",[\"Hearts\"]=\"lc\",[\"Diamonds\"]=\"lc\",[\"Clubs\"]=\"lc\",},[\"crashreports\"]=false,[\"tutorial_progress\"]={[\"hold_parts\"]={[\"first_hand_3\"]=true,[\"small_blind\"]=true,[\"big_blind\"]=true,[\"first_hand_4\"]=true,[\"second_hand\"]=true,[\"shop_1\"]=true,[\"first_hand_2\"]=true,[\"first_hand\"]=true,},[\"section\"]=\"second_hand\",[\"completed_parts\"]={[\"first_hand\"]=true,[\"first_hand_3\"]=true,[\"small_blind\"]=true,[\"big_blind\"]=true,[\"first_hand_4\"]=true,[\"shop_1\"]=true,[\"first_hand_section\"]=true,[\"first_hand_2\"]=true,[\"second_hand\"]=true,},},[\"language\"]=\"en-us\",[\"tutorial_complete\"]=true,[\"WINDOW\"]={[\"vsync\"]=1,[\"display_names\"]={[1]=\"1\",},[\"screenmode\"]=\"Windowed\",[\"DISPLAYS\"]={[1]={[\"screen_resolutions\"]={[\"strings\"]={[1]=\"-\",},[\"values\"]={[1]={[\"w\"]=1280,[\"h\"]=720,},},},[\"screen_res\"]={[\"w\"]=1536,[\"h\"]=864,},[\"DPI_scale\"]=1,[\"MONITOR_DIMS\"]={[\"height\"]=1080,[\"width\"]=1920,},},},[\"selected_display\"]=1,},[\"run_stake_stickers\"]=false,[\"GAMESPEED\"]=4,[\"SOUND\"]={[\"volume\"]=50,[\"music_volume\"]=100,[\"game_sounds_volume\"]=100,},[\"music_control\"]={[\"current_track\"]=\"\",[\"desired_track\"]=\"\",[\"lerp\"]=1,},[\"ACHIEVEMENTS_EARNED\"]={[\"heads_up\"]=true,[\"royale\"]=true,[\"retrograde\"]=true,[\"_10k\"]=true,[\"cartomancy\"]=true,[\"ante_up\"]=true,[\"ante_upper\"]=true,},[\"screenshake\"]=50,[\"current_setup\"]=\"New Run\",[\"profile\"]=1,[\"ambient_control\"]={[\"ambientFire1\"]={[\"per\"]=1.1,[\"vol\"]=0,},[\"ambientOrgan1\"]={[\"per\"]=0.7,[\"vol\"]=0,},[\"ambientFire2\"]={[\"per\"]=1.05,[\"vol\"]=0,},[\"ambientFire3\"]={[\"per\"]=1,[\"vol\"]=0,},},[\"DEMO\"]={[\"win_CTA_shown\"]=true,[\"quit_CTA_shown\"]=true,[\"timed_CTA_shown\"]=true,[\"total_uptime\"]=10.03321126011,},[\"GRAPHICS\"]={[\"texture_scaling\"]=2,[\"crt\"]=70,[\"shadows\"]=\"On\",[\"bloom\"]=1,},}"
	 settings_ver = nil
	 new_colour_proto = table: 0x39b8b150  {Spades:table: 0x39b8b3d8, Hearts:table: 0x39b8b248, Diamonds:table: 0x39b8b300, Clubs:table: 0x39b8b470}
	 sound_files = table: 0x39efa808  {1:ambientFire1.ogg, 2:ambientFire2.ogg, 3:ambientFire3.ogg, 4:ambientOrgan1.ogg, 5:button.ogg, 6:cancel.ogg, 7:card1.ogg, 8:card3.ogg, 9:cardFan2.ogg (more...)}
	 shader_files = table: 0x39efe720  {1:CRT.fs, 2:background.fs, 3:booster.fs, 4:debuff.fs, 5:dissolve.fs, 6:flame.fs, 7:flash.fs, 8:foil.fs, 9:gold_seal.fs, 10:holo.fs, 11:hologram.fs (more...)}
(11) Lua field 'load' at file 'main.lua:960'
(12) Lua function '?' at file 'main.lua:907' (best guess)
(13) global C function 'xpcall'
(14) LÖVE function at file 'boot.lua:368' (best guess)
	Local variables:
	 result = boolean: true
	 main = nil
(15) global C function 'xpcall'
(16) LÖVE function at file 'boot.lua:377' (best guess)
	Local variables:
	 func = Lua function '(LÖVE Function)' (defined at line 355 of chunk [love "boot.lua"])
	 inerror = boolean: true
	 deferErrhand = Lua function '(LÖVE Function)' (defined at line 348 of chunk [love "boot.lua"])
	 earlyinit = Lua function '(LÖVE Function)' (defined at line 355 of chunk [love "boot.lua"])

INFO - [G] file not found: main.lua: No such file or directory
INFO - [G] 2025-09-09 16:32:06 :: INFO  :: StackTrace :: Additional Context:
Balatro Version: 1.0.1o-FULL
Modded Version: 1.0.0~BETA-0906c-STEAMODDED
LÖVE Version: 11.5.0
Lovely Version: 0.8.0
Platform: Windows
Steamodded Mods:
    1: Simple by Gonçalo, Braz, Hernani [ID: SimpleJoker]
    2: Example Joker by elial1 [ID: EXAMPLEJOKER]
Lovely Mods:
