INFO - [♥] Lovely 0.8.0
INFO - [♥] Game directory is at "C:\\Program Files (x86)\\Steam\\steamapps\\common\\Balatro"
INFO - [♥] Writing logs to "C:\\Users\\irene\\AppData\\Roaming\\Balatro\\Mods\\lovely\\log"
INFO - [♥] Using mod directory at "C:\\Users\\irene\\AppData\\Roaming\\Balatro\\Mods"
WARN - [♥] Unknown key `patches.0.?.match_indent` found in patch file at "C:\\Users\\irene\\AppData\\Roaming\\Balatro\\Mods\\smods-main\\lovely\\scoring_calculation.toml", ignoring it
INFO - [♥] Cleaning up dumps directory at "C:\\Users\\irene\\AppData\\Roaming\\Balatro\\Mods\\lovely\\dump"
INFO - [♥] Initialization complete in 75ms
INFO - [♥] Applied 9 patches to 'main.lua'
INFO - [♥] Applied 5 patches to 'engine/controller.lua'
INFO - [♥] Applied 15 patches to 'back.lua'
INFO - [♥] Applied 8 patches to 'tag.lua'
INFO - [♥] Applied 2 patches to 'engine/moveable.lua'
INFO - [♥] Applied 2 patches to 'engine/sprite.lua'
INFO - [♥] Applied 2 patches to 'engine/animatedsprite.lua'
INFO - [♥] Applied 78 patches to 'functions/misc_functions.lua'
INFO - [♥] Applied 48 patches to 'game.lua'
INFO - [♥] Applied 1 patch to 'globals.lua'
INFO - [♥] Applied 7 patches to 'engine/ui.lua'
INFO - [♥] Applied 102 patches to 'functions/UI_definitions.lua'
INFO - [♥] Applied 55 patches to 'functions/state_events.lua'
INFO - [♥] Applied 122 patches to 'functions/common_events.lua'
INFO - [♥] Applied 54 patches to 'functions/button_callbacks.lua'
WARN - [♥] Regex 'localize\\(\'k_upgrade_ex\'\\)\\}\\); return true\n[ \\t]*end\\}\\)\\)\n[ \\t]*end\n(?<indent>[ \\t]*)return' on target 'card.lua' for regex patch from smods-main\lovely\joker_retriggers.toml resulted in no matches
WARN - [♥] Regex '[ \\t]*G\\.C\\.MULT\\}\\)\n[ \\t]*return true\n[ \\t]*end\\)\\}\\)\\)\n(?<indent>[ \\t]*)end' on target 'card.lua' for regex patch from smods-main\lovely\joker_retriggers.toml resulted in no matches
WARN - [♥] Regex '[ \\t]*func = function\\(\\) card_eval_status_text\\(self, \'extra\', nil, nil, nil, \\{message = localize\\{type = \'variable\', key = \'a_xmult\', vars = \\{self\\.ability\\.caino_xmult\\}\\}\\}\\); return true\n(?<indent>[ \\t]*)end\\}\\)\\)' on target 'card.lua' for regex patch from smods-main\lovely\joker_retriggers.toml resulted in no matches
WARN - [♥] Regex 'glass_cards\\}\\}\\}\\)\n[ \\t]*return true\n[ \\t]*end\n(?<indent>[ \\t]*)\\}\\)\\)' on target 'card.lua' for regex patch from smods-main\lovely\joker_retriggers.toml resulted in no matches
INFO - [♥] Applied 218 patches to 'card.lua'
INFO - [♥] Applied 20 patches to 'cardarea.lua'
INFO - [♥] Applied 40 patches to 'blind.lua'
INFO - [♥] Applied 10 patches to 'card_character.lua'
INFO - [♥] Applied 10 patches to 'engine/text.lua'
INFO - [G] Failed to connect to the debug server
INFO - [G] 2025-09-09 20:02:20 :: DEBUG :: DebugConsole :: Steamodded Debug Socket started !
INFO - [G] 2025-09-09 20:02:20 :: INFO  :: SMODS :: Steamodded v1.0.0~BETA-0906c
INFO - [♥] Applied 9 patches to 'engine/sound_manager.lua'
INFO - [♥] Applied 1 patch to 'engine/save_manager.lua'
INFO - [G] 2025-09-09 20:02:22 :: ERROR :: Loader :: Found invalid metadata JSON file at C:\Users\irene\AppData\Roaming\Balatro\Mods/.vscode/settings.json, ignoring: [SMODS _ "src/loader.lua"]:226: id
INFO - [G] 2025-09-09 20:02:22 :: TRACE :: Loader :: Processing Mod file (Legacy header): Main.lua
INFO - [G] 2025-09-09 20:02:22 :: TRACE :: Loader :: Saving Mod Info: SimpleJoker
INFO - [G] 2025-09-09 20:02:22 :: INFO  :: TIMER :: [0000] Injected Fonts in 0.004 ms
INFO - [G] 2025-09-09 20:02:22 :: INFO  :: TIMER :: [0000] Injected DynaTextEffects in 0.004 ms
INFO - [G] 2025-09-09 20:02:22 :: INFO  :: TIMER :: [0000] Injected Language in 0.003 ms
INFO - [G] 2025-09-09 20:02:22 :: INFO  :: TIMER :: [0000] Injected [INTERNAL] in 2.177 ms
INFO - [G] 2025-09-09 20:02:23 :: INFO  :: TIMER :: [0005] Injected Atlas in 742.912 ms
INFO - [G] 2025-09-09 20:02:23 :: INFO  :: TIMER :: [0001] Injected Sound in 0.579 ms
INFO - [G] 2025-09-09 20:02:23 :: INFO  :: TIMER :: [0008] Injected Stake in 0.385 ms
INFO - [G] 2025-09-09 20:02:23 :: INFO  :: TIMER :: [0004] Injected Rarity in 0.094 ms
INFO - [G] 2025-09-09 20:02:23 :: INFO  :: TIMER :: [0004] Injected ObjectType in 0.179 ms
INFO - [G] 2025-09-09 20:02:23 :: INFO  :: TIMER :: [0052] Injected Center in 0.677 ms
INFO - [G] 2025-09-09 20:02:23 :: INFO  :: TIMER :: [0007] Injected Undiscovered Sprite in 0.139 ms
INFO - [G] 2025-09-09 20:02:23 :: INFO  :: TIMER :: [0003] Injected Blind in 0.077 ms
INFO - [G] 2025-09-09 20:02:23 :: INFO  :: TIMER :: [0004] Injected Seal in 0.497 ms
INFO - [G] 2025-09-09 20:02:23 :: INFO  :: TIMER :: [0004] Injected Suit in 0.242 ms
INFO - [G] 2025-09-09 20:02:23 :: INFO  :: TIMER :: [0013] Injected Rank in 0.159 ms
INFO - [G] 2025-09-09 20:02:23 :: INFO  :: TIMER :: [0028] Injected DeckSkin in 0.675 ms
INFO - [G] 2025-09-09 20:02:23 :: INFO  :: TIMER :: [0017] Injected JimboQuip in 0.071 ms
INFO - [G] 2025-09-09 20:02:23 :: INFO  :: TIMER :: [0012] Injected PokerHand in 0.208 ms
INFO - [G] 2025-09-09 20:02:23 :: INFO  :: TIMER :: [0020] Injected Challenge in 0.154 ms
INFO - [G] 2025-09-09 20:02:23 :: INFO  :: TIMER :: [0000] Injected Tag in 0.008 ms
INFO - [G] 2025-09-09 20:02:23 :: INFO  :: TIMER :: [0004] Injected Sticker in 0.351 ms
INFO - [G] 2025-09-09 20:02:23 :: INFO  :: TIMER :: [0000] Injected Shader in 0.007 ms
INFO - [G] 2025-09-09 20:02:23 :: INFO  :: TIMER :: [0002] Injected Keybind in 0.056 ms
INFO - [G] 2025-09-09 20:02:23 :: INFO  :: TIMER :: [0000] Injected Achievement in 0.077 ms
INFO - [G] 2025-09-09 20:02:23 :: INFO  :: TIMER :: [0002] Injected nil in 0.036 ms
INFO - [G] 2025-09-09 20:02:23 :: INFO  :: TIMER :: [0002] Injected Scoring_Parameters in 0.180 ms
INFO - [G] 2025-09-09 20:02:23 :: INFO  :: TIMER :: [0003] Injected Scoring_Calculations in 0.026 ms
INFO - [G] 2025-09-09 20:02:23 :: INFO  :: TIMER :: [0021] Injected Draw Step in 0.164 ms
INFO - [G] 2025-09-09 20:02:23 :: INFO  :: TIMER :: [0000] Injected [INTERNAL] in 0.243 ms
INFO - [G] LONG DT @ 31: 0.052597953949083
INFO - [G] LONG DT @ 31: 0.083328823159266
INFO - [G] LONG DT @ 31: 0.080220658527413
INFO - [G] LONG DT @ 31: 0.073255766821931
INFO - [G] LONG DT @ 31: 0.066797853457545
INFO - [G] LONG DT @ 31: 0.060360162766035
INFO - [G] LONG DT @ 31: 0.054821190212829
INFO - [G] LONG DT @ 31: 0.051139192170263
INFO - [G] LONG DT @ 32: 0.054742165164124
INFO - [G] LONG DT @ 32: 0.056951672131298
INFO - [G] LONG DT @ 32: 0.056953677705039
INFO - [G] LONG DT @ 33: 0.054790202164032
INFO - [G] LONG DT @ 33: 0.053856601731226
INFO - [G] LONG DT @ 33: 0.05240538138498
INFO - [G] LONG DT @ 33: 0.051191685107984
INFO - [G] LONG DT @ 34: 0.051830608982013
INFO - [G] LONG DT @ 34: 0.058556567185609
INFO - [G] LONG DT @ 34: 0.059238233748489
INFO - [G] LONG DT @ 34: 0.06021180699879
INFO - [G] LONG DT @ 34: 0.057395705599032
INFO - [G] LONG DT @ 34: 0.055305224479226
INFO - [G] LONG DT @ 34: 0.053556199583381
INFO - [G] LONG DT @ 34: 0.051886019666705
INFO - [G] LONG DT @ 34: 0.051013795733364
INFO - [G] LONG DT @ 34: 0.05081103658669
INFO - [G] LONG DT @ 34: 0.050582722732385
INFO - [G] LONG DT @ 36: 0.1
INFO - [G] LONG DT @ 36: 0.1
INFO - [G] LONG DT @ 36: 0.089727520000001
INFO - [G] LONG DT @ 36: 0.081752556000007
INFO - [G] LONG DT @ 36: 0.099773704800005
INFO - [G] LONG DT @ 36: 0.084731323840007
INFO - [G] LONG DT @ 36: 0.073480599072005
INFO - [G] LONG DT @ 36: 0.062350799257597
INFO - [G] LONG DT @ 36: 0.056072779406085
INFO - [G] LONG DT @ 37: 0.050841563524868
INFO - [G] line not found
INFO - [G] file not found: main.lua: No such file or directory
INFO - [G] file not found: main.lua: No such file or directory
INFO - [G] line not found
INFO - [G] file not found: functions/button_callbacks.lua: No such file or directory
INFO - [G] file not found: main.lua: No such file or directory
INFO - [G] file not found: main.lua: No such file or directory
INFO - [G] 2025-09-09 20:11:36 :: ERROR :: StackTrace :: Oops! The game crashed
engine/sprite.lua:11: attempt to index field 'atlas' (a nil value)
Stack Traceback
===============
(1) Lua local 'handler' at file 'main.lua:612'
	Local variables:
	 msg = string: "engine/sprite.lua:11: attempt to index field 'atlas' (a nil value)"
	 (*temporary) = Lua function '?' (defined at line 31 of chunk [SMODS _ "src/logging.lua"])
	 (*temporary) = string: "Oops! The game crashed\
"
(2) LÖVE metamethod at file 'boot.lua:352'
	Local variables:
	 errhand = Lua function '?' (defined at line 598 of chunk main.lua)
	 handler = Lua function '?' (defined at line 598 of chunk main.lua)
(3) Lua field 'init' at file 'engine/sprite.lua:11'
	Local variables:
	 self = table: 0x0e2c0748  {velocity:table: 0x0e2c0a40, click_offset:table: 0x0e2c0838, children:table: 0x0e2c09c8, T:table: 0x0e2c0810, CT:table: 0x0e2c0a18, shadow_height:0.2 (more...)}
	 X = number: 11.727
	 Y = number: 0.802
	 W = number: 1.3
	 H = number: 1.3
	 new_sprite_atlas = nil
	 sprite_pos = table: 0x0e1207b0  {y:0, x:0}
	 (*temporary) = table: 0x0e2c0bd0  {}
	 (*temporary) = nil
	 (*temporary) = number: 11.727
	 (*temporary) = number: 0.802
	 (*temporary) = number: 1.3
	 (*temporary) = number: 1.3
	 (*temporary) = string: "attempt to index field 'atlas' (a nil value)"
(4) Lua method 'init' at file 'engine/animatedsprite.lua:8'
	Local variables:
	 self = table: 0x0e2c0748  {velocity:table: 0x0e2c0a40, click_offset:table: 0x0e2c0838, children:table: 0x0e2c09c8, T:table: 0x0e2c0810, CT:table: 0x0e2c0a18, shadow_height:0.2 (more...)}
	 X = number: 11.727
	 Y = number: 0.802
	 W = number: 1.3
	 H = number: 1.3
	 new_sprite_atlas = nil
	 sprite_pos = table: 0x0e1207b0  {y:0, x:0}
(5) Lua global 'AnimatedSprite' at file 'engine/object.lua:35'
	Local variables:
	 self = table: 0x0da6a9e0  {reset:function: 0x0da6aab0, rescale:function: 0x0da6aa90, __call:function: 0x0dac0958, animate:function: 0x0da6ab30, draw_self:function: 0x0da6ab10 (more...)}
	 obj = table: 0x0e2c0748  {velocity:table: 0x0e2c0a40, click_offset:table: 0x0e2c0838, children:table: 0x0e2c09c8, T:table: 0x0e2c0810, CT:table: 0x0e2c0a18, shadow_height:0.2 (more...)}
(6) Lua function '?' at Steamodded file 'src/overrides.lua:312'  (best guess)
	Local variables:
	 args = table: 0x0e2c01d8  {to_val:Page 2/2, cycle_config:table: 0x0e5368c0, from_key:1, to_key:2, from_val:Page 1/2}
	 cols = number: 5
	 rows = number: 6
	 page = number: 2
	 blind_tab = table: 0x0e2c06d8  {1:table: 0x0de3ed08}
	 this_page = table: 0x0e2c06d8  {1:table: 0x0de3ed08}
	 blinds_to_be_alerted = table: 0x0e2c0720  {}
	 row = number: 1
	 col = number: 1
	 (for generator) = C function: builtin#6
	 (for state) = table: 0x0e2c06d8  {1:table: 0x0de3ed08}
	 (for control) = number: 1
	 k = number: 1
	 v = table: 0x0de3ed08  {alerted:false, _saved_d_u:true, original_key:test, mod:table: 0x0e168458, unlocked:true, _u:true, _discovered_unlocked_overwritten:true, order:33 (more...)}
(7) Lua function '?' at file 'functions/button_callbacks.lua:579' (best guess)
	Local variables:
	 e = table: 0x0e521b68  {pixellated_rect:table: 0x0e2aec58, click_offset:table: 0x0e504e18, children:table: 0x0e521b90, parent:table: 0x0e520268, T:table: 0x0e504c68 (more...)}
	 from_val = string: "Page 1/2"
	 from_key = number: 1
	 old_pip = nil
	 cycle_main = table: 0x0e520810  {pixellated_rect:table: 0x0dfdb0c8, click_offset:table: 0x0e5026f8, children:table: 0x0e520838, parent:table: 0x0e520268, T:table: 0x0e502608 (more...)}
	 to_val = string: "Page 2/2"
	 to_key = number: 2
	 new_pip = nil
(8) Lua method 'click' at file 'engine/ui.lua:989'
	Local variables:
	 self = table: 0x0e521b68  {pixellated_rect:table: 0x0e2aec58, click_offset:table: 0x0e504e18, children:table: 0x0e521b90, parent:table: 0x0e520268, T:table: 0x0e504c68 (more...)}
(9) Lua method 'update' at file 'engine/controller.lua:375'
	Local variables:
	 self = table: 0x0dffacc0  {held_button_times:table: 0x0dffb590, focus_cursor_stack_level:1, snap_cursor_to:table: 0x0e5070b0, interrupt:table: 0x0dffb5e0, GAMEPAD:table: 0x0dffbe10 (more...)}
	 dt = number: 0.0167148
(10) Lua upvalue 'gameUpdateRef' at file 'game.lua:2715'
	Local variables:
	 self = table: 0x0db62b00  {F_GUIDE:false, F_CRASH_REPORTS:false, F_QUIT_BUTTON:true, collection_alert:table: 0x0e579258, F_ENGLISH_ONLY:false, sort_id:50, F_DISCORD:true (more...)}
	 dt = number: 0
(11) Lua method 'update' at Steamodded file 'src/ui.lua:124' 
	Local variables:
	 self = table: 0x0db62b00  {F_GUIDE:false, F_CRASH_REPORTS:false, F_QUIT_BUTTON:true, collection_alert:table: 0x0e579258, F_ENGLISH_ONLY:false, sort_id:50, F_DISCORD:true (more...)}
	 dt = number: 0.0167148
(12) Lua field 'update' at file 'main.lua:1007'
	Local variables:
	 dt = number: 0.0167148
(13) Lua function '?' at file 'main.lua:946' (best guess)
(14) global C function 'xpcall'
(15) LÖVE function at file 'boot.lua:377' (best guess)
	Local variables:
	 func = Lua function '?' (defined at line 917 of chunk main.lua)
	 inerror = boolean: true
	 deferErrhand = Lua function '(LÖVE Function)' (defined at line 348 of chunk [love "boot.lua"])
	 earlyinit = Lua function '(LÖVE Function)' (defined at line 355 of chunk [love "boot.lua"])

INFO - [G] line not found
INFO - [G] file not found: functions/button_callbacks.lua: No such file or directory
INFO - [G] file not found: main.lua: No such file or directory
INFO - [G] file not found: main.lua: No such file or directory
INFO - [G] 2025-09-09 20:11:36 :: INFO  :: StackTrace :: Additional Context:
Balatro Version: 1.0.1o-FULL
Modded Version: 1.0.0~BETA-0906c-STEAMODDED
LÖVE Version: 11.5.0
Lovely Version: 0.8.0
Platform: Windows
Steamodded Mods:
    1: Simple by Gonçalo, Braz, Hernani [ID: SimpleJoker]
Lovely Mods:
