INFO - [♥] Lovely 0.8.0
INFO - [♥] Game directory is at "C:\\Program Files (x86)\\Steam\\steamapps\\common\\Balatro"
INFO - [♥] Writing logs to "C:\\Users\\irene\\AppData\\Roaming\\Balatro\\Mods\\lovely\\log"
INFO - [♥] Using mod directory at "C:\\Users\\irene\\AppData\\Roaming\\Balatro\\Mods"
WARN - [♥] Unknown key `patches.0.?.match_indent` found in patch file at "C:\\Users\\irene\\AppData\\Roaming\\Balatro\\Mods\\smods-main\\lovely\\scoring_calculation.toml", ignoring it
INFO - [♥] Cleaning up dumps directory at "C:\\Users\\irene\\AppData\\Roaming\\Balatro\\Mods\\lovely\\dump"
INFO - [♥] Initialization complete in 70ms
INFO - [♥] Applied 9 patches to 'main.lua'
INFO - [♥] Applied 5 patches to 'engine/controller.lua'
INFO - [♥] Applied 15 patches to 'back.lua'
INFO - [♥] Applied 8 patches to 'tag.lua'
INFO - [♥] Applied 2 patches to 'engine/moveable.lua'
INFO - [♥] Applied 2 patches to 'engine/sprite.lua'
INFO - [♥] Applied 2 patches to 'engine/animatedsprite.lua'
INFO - [♥] Applied 78 patches to 'functions/misc_functions.lua'
INFO - [♥] Applied 48 patches to 'game.lua'
INFO - [♥] Applied 1 patch to 'globals.lua'
INFO - [♥] Applied 7 patches to 'engine/ui.lua'
INFO - [♥] Applied 102 patches to 'functions/UI_definitions.lua'
INFO - [♥] Applied 55 patches to 'functions/state_events.lua'
INFO - [♥] Applied 122 patches to 'functions/common_events.lua'
INFO - [♥] Applied 54 patches to 'functions/button_callbacks.lua'
WARN - [♥] Regex 'localize\\(\'k_upgrade_ex\'\\)\\}\\); return true\n[ \\t]*end\\}\\)\\)\n[ \\t]*end\n(?<indent>[ \\t]*)return' on target 'card.lua' for regex patch from smods-main\lovely\joker_retriggers.toml resulted in no matches
WARN - [♥] Regex '[ \\t]*G\\.C\\.MULT\\}\\)\n[ \\t]*return true\n[ \\t]*end\\)\\}\\)\\)\n(?<indent>[ \\t]*)end' on target 'card.lua' for regex patch from smods-main\lovely\joker_retriggers.toml resulted in no matches
WARN - [♥] Regex '[ \\t]*func = function\\(\\) card_eval_status_text\\(self, \'extra\', nil, nil, nil, \\{message = localize\\{type = \'variable\', key = \'a_xmult\', vars = \\{self\\.ability\\.caino_xmult\\}\\}\\}\\); return true\n(?<indent>[ \\t]*)end\\}\\)\\)' on target 'card.lua' for regex patch from smods-main\lovely\joker_retriggers.toml resulted in no matches
WARN - [♥] Regex 'glass_cards\\}\\}\\}\\)\n[ \\t]*return true\n[ \\t]*end\n(?<indent>[ \\t]*)\\}\\)\\)' on target 'card.lua' for regex patch from smods-main\lovely\joker_retriggers.toml resulted in no matches
INFO - [♥] Applied 218 patches to 'card.lua'
INFO - [♥] Applied 20 patches to 'cardarea.lua'
INFO - [♥] Applied 40 patches to 'blind.lua'
INFO - [♥] Applied 10 patches to 'card_character.lua'
INFO - [♥] Applied 10 patches to 'engine/text.lua'
INFO - [G] Failed to connect to the debug server
INFO - [G] 2025-09-08 17:21:33 :: DEBUG :: DebugConsole :: Steamodded Debug Socket started !
INFO - [G] 2025-09-08 17:21:33 :: INFO  :: SMODS :: Steamodded v1.0.0~BETA-0906c
INFO - [♥] Applied 9 patches to 'engine/sound_manager.lua'
INFO - [♥] Applied 1 patch to 'engine/save_manager.lua'
INFO - [G] 2025-09-08 17:21:35 :: ERROR :: Loader :: Found invalid metadata JSON file at C:\Users\irene\AppData\Roaming\Balatro\Mods/.vscode/settings.json, ignoring: [SMODS _ "src/loader.lua"]:226: id
INFO - [G] 2025-09-08 17:21:35 :: TRACE :: Loader :: Processing Mod file (Legacy header): main.lua
INFO - [G] 2025-09-08 17:21:35 :: TRACE :: Loader :: Saving Mod Info: EXAMPLEJOKER
INFO - [G] 2025-09-08 17:21:35 :: TRACE :: Loader :: Processing Mod file (Legacy header): Main.lua
INFO - [G] 2025-09-08 17:21:35 :: TRACE :: Loader :: Saving Mod Info: SimpleJoker
INFO - [G] 2025-09-08 17:21:35 :: INFO  :: TIMER :: [0000] Injected Fonts in 0.003 ms
INFO - [G] 2025-09-08 17:21:35 :: INFO  :: TIMER :: [0000] Injected DynaTextEffects in 0.004 ms
INFO - [G] 2025-09-08 17:21:35 :: INFO  :: TIMER :: [0000] Injected Language in 0.006 ms
INFO - [G] 2025-09-08 17:21:35 :: INFO  :: TIMER :: [0000] Injected [INTERNAL] in 2.353 ms
INFO - [G] 2025-09-08 17:21:36 :: INFO  :: TIMER :: [0004] Injected Atlas in 924.881 ms
INFO - [G] 2025-09-08 17:21:36 :: INFO  :: TIMER :: [0001] Injected Sound in 0.892 ms
INFO - [G] 2025-09-08 17:21:36 :: INFO  :: TIMER :: [0008] Injected Stake in 0.761 ms
INFO - [G] 2025-09-08 17:21:36 :: INFO  :: TIMER :: [0004] Injected Rarity in 0.115 ms
INFO - [G] 2025-09-08 17:21:36 :: INFO  :: TIMER :: [0004] Injected ObjectType in 0.077 ms
INFO - [G] 2025-09-08 17:21:36 :: INFO  :: TIMER :: [0052] Injected Center in 1.072 ms
INFO - [G] 2025-09-08 17:21:36 :: INFO  :: TIMER :: [0007] Injected Undiscovered Sprite in 0.043 ms
INFO - [G] 2025-09-08 17:21:36 :: INFO  :: TIMER :: [0002] Injected Blind in 0.053 ms
INFO - [G] 2025-09-08 17:21:36 :: INFO  :: TIMER :: [0004] Injected Seal in 0.399 ms
INFO - [G] 2025-09-08 17:21:36 :: INFO  :: TIMER :: [0004] Injected Suit in 0.218 ms
INFO - [G] 2025-09-08 17:21:36 :: INFO  :: TIMER :: [0013] Injected Rank in 0.205 ms
INFO - [G] 2025-09-08 17:21:36 :: INFO  :: TIMER :: [0028] Injected DeckSkin in 0.401 ms
INFO - [G] 2025-09-08 17:21:36 :: INFO  :: TIMER :: [0017] Injected JimboQuip in 0.073 ms
INFO - [G] 2025-09-08 17:21:36 :: INFO  :: TIMER :: [0012] Injected PokerHand in 0.221 ms
INFO - [G] 2025-09-08 17:21:36 :: INFO  :: TIMER :: [0020] Injected Challenge in 0.083 ms
INFO - [G] 2025-09-08 17:21:36 :: INFO  :: TIMER :: [0000] Injected Tag in 0.005 ms
INFO - [G] 2025-09-08 17:21:36 :: INFO  :: TIMER :: [0004] Injected Sticker in 0.132 ms
INFO - [G] 2025-09-08 17:21:36 :: INFO  :: TIMER :: [0000] Injected Shader in 0.004 ms
INFO - [G] 2025-09-08 17:21:36 :: INFO  :: TIMER :: [0002] Injected Keybind in 0.026 ms
INFO - [G] 2025-09-08 17:21:36 :: INFO  :: TIMER :: [0000] Injected Achievement in 0.039 ms
INFO - [G] 2025-09-08 17:21:36 :: INFO  :: TIMER :: [0002] Injected nil in 0.128 ms
INFO - [G] 2025-09-08 17:21:36 :: INFO  :: TIMER :: [0002] Injected Scoring_Parameters in 0.581 ms
INFO - [G] 2025-09-08 17:21:36 :: INFO  :: TIMER :: [0003] Injected Scoring_Calculations in 0.040 ms
INFO - [G] 2025-09-08 17:21:36 :: INFO  :: TIMER :: [0021] Injected Draw Step in 0.280 ms
INFO - [G] 2025-09-08 17:21:37 :: INFO  :: TIMER :: [0000] Injected [INTERNAL] in 0.352 ms
INFO - [G] line not found
INFO - [G] file not found: main.lua: No such file or directory
INFO - [G] file not found: main.lua: No such file or directory
INFO - [G] line not found
INFO - [G] file not found: functions/button_callbacks.lua: No such file or directory
INFO - [G] file not found: main.lua: No such file or directory
INFO - [G] file not found: main.lua: No such file or directory
INFO - [G] 2025-09-08 17:21:46 :: ERROR :: StackTrace :: Oops! The game crashed
engine/sprite.lua:11: attempt to index field 'atlas' (a nil value)
Stack Traceback
===============
(1) Lua local 'handler' at file 'main.lua:612'
	Local variables:
	 msg = string: "engine/sprite.lua:11: attempt to index field 'atlas' (a nil value)"
	 (*temporary) = Lua function '?' (defined at line 31 of chunk [SMODS _ "src/logging.lua"])
	 (*temporary) = string: "Oops! The game crashed\
"
(2) LÖVE metamethod at file 'boot.lua:352'
	Local variables:
	 errhand = Lua function '?' (defined at line 598 of chunk main.lua)
	 handler = Lua function '?' (defined at line 598 of chunk main.lua)
(3) Lua method 'init' at file 'engine/sprite.lua:11'
	Local variables:
	 self = table: 0x3e4f7a98  {velocity:table: 0x3e433038, click_offset:table: 0x3e430b50, children:table: 0x3e24d730, T:table: 0x3e1e1448, CT:table: 0x3e26ff48, shadow_height:0.2 (more...)}
	 X = number: 10
	 Y = number: 0.407012
	 W = number: 2.04878
	 H = number: 2.75122
	 new_sprite_atlas = nil
	 sprite_pos = table: 0x3e1eb288  {y:0, x:0}
	 (*temporary) = table: 0x3e1c35e8  {}
	 (*temporary) = nil
	 (*temporary) = number: 10
	 (*temporary) = number: 0.407012
	 (*temporary) = number: 2.04878
	 (*temporary) = number: 2.75122
	 (*temporary) = string: "attempt to index field 'atlas' (a nil value)"
(4) Lua global 'Sprite' at file 'engine/object.lua:35'
	Local variables:
	 self = table: 0x3db002e0  {reset:function: 0x3db60808, draw_shader:function: 0x3db00c48, define_draw_steps:function: 0x3db00c28, remove:function: 0x3db60ab8, draw_self:function: 0x3db00c68 (more...)}
	 obj = table: 0x3e4f7a98  {velocity:table: 0x3e433038, click_offset:table: 0x3e430b50, children:table: 0x3e24d730, T:table: 0x3e1e1448, CT:table: 0x3e26ff48, shadow_height:0.2 (more...)}
(5) Lua method 'set_sprites' at Steamodded file 'src/overrides.lua:1714' 
	Local variables:
	 self = table: 0x3e2162a8  {click_offset:table: 0x3de86280, children:table: 0x3e1e31e0, ambient_tilt:0.2, T:table: 0x3e1eaf40, offset:table: 0x3e2408a8, role:table: 0x3e1984f0 (more...)}
	 _center = table: 0x3dce4668  {alerted:false, _saved_d_u:true, original_key:Simple, loc_txt:table: 0x3e081b20, unlocked:true, _u:true, _discovered_unlocked_overwritten:true (more...)}
	 _front = nil
	 (*temporary) = table: 0x3e1e31e0  {shadow:table: 0x3e1e3208}
(6) Lua upvalue 'set_ability' at file 'card.lua:333'
	Local variables:
	 self = table: 0x3e2162a8  {click_offset:table: 0x3de86280, children:table: 0x3e1e31e0, ambient_tilt:0.2, T:table: 0x3e1eaf40, offset:table: 0x3e2408a8, role:table: 0x3e1984f0 (more...)}
	 center = table: 0x3dce4668  {alerted:false, _saved_d_u:true, original_key:Simple, loc_txt:table: 0x3e081b20, unlocked:true, _u:true, _discovered_unlocked_overwritten:true (more...)}
	 initial = boolean: true
	 delay_sprites = nil
	 X = number: 10
	 Y = number: 0.407012
	 W = number: 2.04878
	 H = number: 2.75122
	 old_center = table: 0x3dce4668  {alerted:false, _saved_d_u:true, original_key:Simple, loc_txt:table: 0x3e081b20, unlocked:true, _u:true, _discovered_unlocked_overwritten:true (more...)}
	 was_added_to_deck = boolean: false
(7) Lua method 'set_ability' at Steamodded file 'src/overrides.lua:2407' 
	Local variables:
	 self = table: 0x3e2162a8  {click_offset:table: 0x3de86280, children:table: 0x3e1e31e0, ambient_tilt:0.2, T:table: 0x3e1eaf40, offset:table: 0x3e2408a8, role:table: 0x3e1984f0 (more...)}
	 center = table: 0x3dce4668  {alerted:false, _saved_d_u:true, original_key:Simple, loc_txt:table: 0x3e081b20, unlocked:true, _u:true, _discovered_unlocked_overwritten:true (more...)}
	 initial = boolean: true
	 delay_sprites = nil
	 old_center = table: 0x3dce4668  {alerted:false, _saved_d_u:true, original_key:Simple, loc_txt:table: 0x3e081b20, unlocked:true, _u:true, _discovered_unlocked_overwritten:true (more...)}
(8) Lua upvalue 'card_init' at file 'card.lua:46'
	Local variables:
	 self = table: 0x3e2162a8  {click_offset:table: 0x3de86280, children:table: 0x3e1e31e0, ambient_tilt:0.2, T:table: 0x3e1eaf40, offset:table: 0x3e2408a8, role:table: 0x3e1984f0 (more...)}
	 X = number: 10
	 Y = number: 0.407012
	 W = number: 2.04878
	 H = number: 2.75122
	 card = nil
	 center = table: 0x3dce4668  {alerted:false, _saved_d_u:true, original_key:Simple, loc_txt:table: 0x3e081b20, unlocked:true, _u:true, _discovered_unlocked_overwritten:true (more...)}
	 params = nil
(9) Lua method 'init' at Steamodded file 'src/overrides.lua:1764' 
	Local variables:
	 self = table: 0x3e2162a8  {click_offset:table: 0x3de86280, children:table: 0x3e1e31e0, ambient_tilt:0.2, T:table: 0x3e1eaf40, offset:table: 0x3e2408a8, role:table: 0x3e1984f0 (more...)}
	 X = number: 10
	 Y = number: 0.407012
	 W = number: 2.04878
	 H = number: 2.75122
	 card = nil
	 center = table: 0x3dce4668  {alerted:false, _saved_d_u:true, original_key:Simple, loc_txt:table: 0x3e081b20, unlocked:true, _u:true, _discovered_unlocked_overwritten:true (more...)}
	 params = nil
(10) Lua global 'Card' at file 'engine/object.lua:35'
	Local variables:
	 self = table: 0x3ddf1ca8  {get_chip_x_bonus:function: 0x3ddf3000, should_hide_front:function: 0x3ddee9d8, set_base:function: 0x3de00ec8, set_card_area:function: 0x3de57360 (more...)}
	 obj = table: 0x3e2162a8  {click_offset:table: 0x3de86280, children:table: 0x3e1e31e0, ambient_tilt:0.2, T:table: 0x3e1eaf40, offset:table: 0x3e2408a8, role:table: 0x3e1984f0 (more...)}
(11) Lua function '?' at Steamodded file 'src/ui.lua:1934'  (best guess)
	Local variables:
	 e = table: 0x3e1b4b50  {to_val:Page 11/11, cycle_config:table: 0x3dd22d88, from_key:1, to_key:11, from_val:Page 1/11}
	 (for index) = number: 1
	 (for limit) = number: 3
	 (for step) = number: 1
	 j = number: 1
	 (for index) = number: 2
	 (for limit) = number: 5
	 (for step) = number: 1
	 i = number: 2
	 center = table: 0x3dce4668  {alerted:false, _saved_d_u:true, original_key:Simple, loc_txt:table: 0x3e081b20, unlocked:true, _u:true, _discovered_unlocked_overwritten:true (more...)}
(12) Lua function '?' at file 'functions/button_callbacks.lua:579' (best guess)
	Local variables:
	 e = table: 0x3e1f5058  {pixellated_rect:table: 0x3e4f9410, click_offset:table: 0x3e214620, children:table: 0x3e1f4e80, parent:table: 0x3e25e978, T:table: 0x3e2145f8 (more...)}
	 from_val = string: "Page 1/11"
	 from_key = number: 1
	 old_pip = nil
	 cycle_main = table: 0x3debe9d0  {pixellated_rect:table: 0x3e14fba0, click_offset:table: 0x3e1f05e0, children:table: 0x3debbc40, parent:table: 0x3e25e978, T:table: 0x3e1f04f0 (more...)}
	 to_val = string: "Page 11/11"
	 to_key = number: 11
	 new_pip = nil
(13) Lua method 'click' at file 'engine/ui.lua:989'
	Local variables:
	 self = table: 0x3e1f5058  {pixellated_rect:table: 0x3e4f9410, click_offset:table: 0x3e214620, children:table: 0x3e1f4e80, parent:table: 0x3e25e978, T:table: 0x3e2145f8 (more...)}
(14) Lua method 'update' at file 'engine/controller.lua:375'
	Local variables:
	 self = table: 0x3e07ac98  {held_button_times:table: 0x3e07b568, focus_cursor_stack_level:1, snap_cursor_to:table: 0x3e1ee888, interrupt:table: 0x3e07b5b8, GAMEPAD:table: 0x3e07bde8 (more...)}
	 dt = number: 0.0166458
(15) Lua upvalue 'gameUpdateRef' at file 'game.lua:2715'
	Local variables:
	 self = table: 0x3dbe2bd0  {F_GUIDE:false, F_CRASH_REPORTS:false, F_QUIT_BUTTON:true, collection_alert:table: 0x3de95378, F_ENGLISH_ONLY:false, sort_id:26, F_DISCORD:true (more...)}
	 dt = number: 0
(16) Lua method 'update' at Steamodded file 'src/ui.lua:124' 
	Local variables:
	 self = table: 0x3dbe2bd0  {F_GUIDE:false, F_CRASH_REPORTS:false, F_QUIT_BUTTON:true, collection_alert:table: 0x3de95378, F_ENGLISH_ONLY:false, sort_id:26, F_DISCORD:true (more...)}
	 dt = number: 0.0166458
(17) Lua field 'update' at file 'main.lua:1007'
	Local variables:
	 dt = number: 0.0166458
(18) Lua function '?' at file 'main.lua:946' (best guess)
(19) global C function 'xpcall'
(20) LÖVE function at file 'boot.lua:377' (best guess)
	Local variables:
	 func = Lua function '?' (defined at line 917 of chunk main.lua)
	 inerror = boolean: true
	 deferErrhand = Lua function '(LÖVE Function)' (defined at line 348 of chunk [love "boot.lua"])
	 earlyinit = Lua function '(LÖVE Function)' (defined at line 355 of chunk [love "boot.lua"])

INFO - [G] line not found
INFO - [G] file not found: functions/button_callbacks.lua: No such file or directory
INFO - [G] file not found: main.lua: No such file or directory
INFO - [G] file not found: main.lua: No such file or directory
INFO - [G] 2025-09-08 17:21:46 :: INFO  :: StackTrace :: Additional Context:
Balatro Version: 1.0.1o-FULL
Modded Version: 1.0.0~BETA-0906c-STEAMODDED
LÖVE Version: 11.5.0
Lovely Version: 0.8.0
Platform: Windows
Steamodded Mods:
    1: Simple by Gonçalo, Braz, Hernani [ID: SimpleJoker]
    2: Example Joker by elial1 [ID: EXAMPLEJOKER]
Lovely Mods:
