INFO - [♥] Lovely 0.8.0
INFO - [♥] Game directory is at "C:\\Program Files (x86)\\Steam\\steamapps\\common\\Balatro"
INFO - [♥] Writing logs to "C:\\Users\\irene\\AppData\\Roaming\\Balatro\\Mods\\lovely\\log"
INFO - [♥] Using mod directory at "C:\\Users\\irene\\AppData\\Roaming\\Balatro\\Mods"
WARN - [♥] Unknown key `patches.0.?.match_indent` found in patch file at "C:\\Users\\irene\\AppData\\Roaming\\Balatro\\Mods\\smods-main\\lovely\\scoring_calculation.toml", ignoring it
INFO - [♥] Cleaning up dumps directory at "C:\\Users\\irene\\AppData\\Roaming\\Balatro\\Mods\\lovely\\dump"
INFO - [♥] Initialization complete in 69ms
INFO - [♥] Applied 9 patches to 'main.lua'
INFO - [♥] Applied 5 patches to 'engine/controller.lua'
INFO - [♥] Applied 15 patches to 'back.lua'
INFO - [♥] Applied 8 patches to 'tag.lua'
INFO - [♥] Applied 2 patches to 'engine/moveable.lua'
INFO - [♥] Applied 2 patches to 'engine/sprite.lua'
INFO - [♥] Applied 2 patches to 'engine/animatedsprite.lua'
INFO - [♥] Applied 78 patches to 'functions/misc_functions.lua'
INFO - [♥] Applied 48 patches to 'game.lua'
INFO - [♥] Applied 1 patch to 'globals.lua'
INFO - [♥] Applied 7 patches to 'engine/ui.lua'
INFO - [♥] Applied 102 patches to 'functions/UI_definitions.lua'
INFO - [♥] Applied 55 patches to 'functions/state_events.lua'
INFO - [♥] Applied 122 patches to 'functions/common_events.lua'
INFO - [♥] Applied 54 patches to 'functions/button_callbacks.lua'
WARN - [♥] Regex 'localize\\(\'k_upgrade_ex\'\\)\\}\\); return true\n[ \\t]*end\\}\\)\\)\n[ \\t]*end\n(?<indent>[ \\t]*)return' on target 'card.lua' for regex patch from smods-main\lovely\joker_retriggers.toml resulted in no matches
WARN - [♥] Regex '[ \\t]*G\\.C\\.MULT\\}\\)\n[ \\t]*return true\n[ \\t]*end\\)\\}\\)\\)\n(?<indent>[ \\t]*)end' on target 'card.lua' for regex patch from smods-main\lovely\joker_retriggers.toml resulted in no matches
WARN - [♥] Regex '[ \\t]*func = function\\(\\) card_eval_status_text\\(self, \'extra\', nil, nil, nil, \\{message = localize\\{type = \'variable\', key = \'a_xmult\', vars = \\{self\\.ability\\.caino_xmult\\}\\}\\}\\); return true\n(?<indent>[ \\t]*)end\\}\\)\\)' on target 'card.lua' for regex patch from smods-main\lovely\joker_retriggers.toml resulted in no matches
WARN - [♥] Regex 'glass_cards\\}\\}\\}\\)\n[ \\t]*return true\n[ \\t]*end\n(?<indent>[ \\t]*)\\}\\)\\)' on target 'card.lua' for regex patch from smods-main\lovely\joker_retriggers.toml resulted in no matches
INFO - [♥] Applied 218 patches to 'card.lua'
INFO - [♥] Applied 20 patches to 'cardarea.lua'
INFO - [♥] Applied 40 patches to 'blind.lua'
INFO - [♥] Applied 10 patches to 'card_character.lua'
INFO - [♥] Applied 10 patches to 'engine/text.lua'
INFO - [G] Failed to connect to the debug server
INFO - [G] 2025-09-09 20:18:25 :: DEBUG :: DebugConsole :: Steamodded Debug Socket started !
INFO - [G] 2025-09-09 20:18:25 :: INFO  :: SMODS :: Steamodded v1.0.0~BETA-0906c
INFO - [♥] Applied 9 patches to 'engine/sound_manager.lua'
INFO - [♥] Applied 1 patch to 'engine/save_manager.lua'
INFO - [G] 2025-09-09 20:18:26 :: ERROR :: Loader :: Found invalid metadata JSON file at C:\Users\irene\AppData\Roaming\Balatro\Mods/.vscode/settings.json, ignoring: [SMODS _ "src/loader.lua"]:226: id
INFO - [G] 2025-09-09 20:18:26 :: TRACE :: Loader :: Processing Mod file (Legacy header): Main.lua
INFO - [G] 2025-09-09 20:18:26 :: TRACE :: Loader :: Saving Mod Info: SimpleJoker
INFO - [G] 2025-09-09 20:18:26 :: INFO  :: TIMER :: [0000] Injected Fonts in 0.003 ms
INFO - [G] 2025-09-09 20:18:26 :: INFO  :: TIMER :: [0000] Injected DynaTextEffects in 0.003 ms
INFO - [G] 2025-09-09 20:18:26 :: INFO  :: TIMER :: [0000] Injected Language in 0.008 ms
INFO - [G] 2025-09-09 20:18:26 :: INFO  :: TIMER :: [0000] Injected [INTERNAL] in 1.571 ms
INFO - [G] 2025-09-09 20:18:27 :: INFO  :: TIMER :: [0005] Injected Atlas in 625.220 ms
INFO - [G] 2025-09-09 20:18:27 :: INFO  :: TIMER :: [0001] Injected Sound in 0.498 ms
INFO - [G] 2025-09-09 20:18:27 :: INFO  :: TIMER :: [0008] Injected Stake in 0.372 ms
INFO - [G] 2025-09-09 20:18:27 :: INFO  :: TIMER :: [0004] Injected Rarity in 0.051 ms
INFO - [G] 2025-09-09 20:18:27 :: INFO  :: TIMER :: [0004] Injected ObjectType in 0.111 ms
INFO - [G] 2025-09-09 20:18:27 :: INFO  :: TIMER :: [0052] Injected Center in 0.528 ms
INFO - [G] 2025-09-09 20:18:27 :: INFO  :: TIMER :: [0007] Injected Undiscovered Sprite in 0.034 ms
INFO - [G] 2025-09-09 20:18:27 :: INFO  :: TIMER :: [0003] Injected Blind in 0.041 ms
INFO - [G] 2025-09-09 20:18:27 :: INFO  :: TIMER :: [0004] Injected Seal in 0.209 ms
INFO - [G] 2025-09-09 20:18:27 :: INFO  :: TIMER :: [0004] Injected Suit in 0.158 ms
INFO - [G] 2025-09-09 20:18:27 :: INFO  :: TIMER :: [0013] Injected Rank in 0.180 ms
INFO - [G] 2025-09-09 20:18:27 :: INFO  :: TIMER :: [0028] Injected DeckSkin in 0.647 ms
INFO - [G] 2025-09-09 20:18:27 :: INFO  :: TIMER :: [0017] Injected JimboQuip in 0.205 ms
INFO - [G] 2025-09-09 20:18:27 :: INFO  :: TIMER :: [0012] Injected PokerHand in 0.131 ms
INFO - [G] 2025-09-09 20:18:27 :: INFO  :: TIMER :: [0020] Injected Challenge in 0.074 ms
INFO - [G] 2025-09-09 20:18:27 :: INFO  :: TIMER :: [0000] Injected Tag in 0.003 ms
INFO - [G] 2025-09-09 20:18:27 :: INFO  :: TIMER :: [0004] Injected Sticker in 0.222 ms
INFO - [G] 2025-09-09 20:18:27 :: INFO  :: TIMER :: [0000] Injected Shader in 0.003 ms
INFO - [G] 2025-09-09 20:18:27 :: INFO  :: TIMER :: [0002] Injected Keybind in 0.106 ms
INFO - [G] 2025-09-09 20:18:28 :: INFO  :: TIMER :: [0000] Injected Achievement in 0.035 ms
INFO - [G] 2025-09-09 20:18:28 :: INFO  :: TIMER :: [0002] Injected nil in 0.031 ms
INFO - [G] 2025-09-09 20:18:28 :: INFO  :: TIMER :: [0002] Injected Scoring_Parameters in 0.330 ms
INFO - [G] 2025-09-09 20:18:28 :: INFO  :: TIMER :: [0003] Injected Scoring_Calculations in 0.049 ms
INFO - [G] 2025-09-09 20:18:28 :: INFO  :: TIMER :: [0021] Injected Draw Step in 0.357 ms
INFO - [G] 2025-09-09 20:18:28 :: INFO  :: TIMER :: [0000] Injected [INTERNAL] in 0.221 ms
INFO - [G] line not found
INFO - [G] file not found: main.lua: No such file or directory
INFO - [G] file not found: main.lua: No such file or directory
INFO - [G] file not found: main.lua: No such file or directory
INFO - [G] file not found: main.lua: No such file or directory
INFO - [G] 2025-09-09 20:18:57 :: ERROR :: StackTrace :: Oops! The game crashed
engine/animatedsprite.lua:80: attempt to perform arithmetic on field 'frames' (a nil value)
Stack Traceback
===============
(1) Lua local 'handler' at file 'main.lua:612'
	Local variables:
	 msg = string: "engine/animatedsprite.lua:80: attempt to perform arithmetic on field 'frames' (a nil value)"
	 (*temporary) = Lua function '?' (defined at line 31 of chunk [SMODS _ "src/logging.lua"])
	 (*temporary) = string: "Oops! The game crashed\
"
(2) LÖVE metamethod at file 'boot.lua:352'
	Local variables:
	 errhand = Lua function '?' (defined at line 598 of chunk main.lua)
	 handler = Lua function '?' (defined at line 598 of chunk main.lua)
(3) Lua method 'animate' at file 'engine/animatedsprite.lua:80'
	Local variables:
	 self = table: 0x04af1f60  {float:true, click_offset:table: 0x04cb26f0, children:table: 0x04c4b960, animation:table: 0x04c8d250, offset:table: 0x04d7c5e0, role:table: 0x04eb1ac0 (more...)}
	 (*temporary) = number: 0
	 (*temporary) = nil
	 (*temporary) = number: 0.0166606
	 (*temporary) = number: 29.4956
	 (*temporary) = number: 0
	 (*temporary) = table: 0x04eb1c00  {start_timer:true, timer:REAL, blockable:true, trigger:immediate, func:function: 0x051c5640, delay:0, complete:true, time:29.512242328603, blocking:true (more...)}
	 (*temporary) = table: 0x04928fb8  {}
	 (*temporary) = string: "attempt to perform arithmetic on field 'frames' (a nil value)"
(4) Lua upvalue 'gameUpdateRef' at file 'game.lua:2690'
	Local variables:
	 self = table: 0x046f2bd8  {F_GUIDE:false, F_CRASH_REPORTS:false, F_QUIT_BUTTON:true, collection_alert:table: 0x04d07dd8, F_ENGLISH_ONLY:false, sort_id:234, F_DISCORD:true (more...)}
	 dt = number: 0
	 http_resp = nil
	 (for generator) = C function: next
	 (for state) = table: 0x046f76b8  {1:table: 0x04af1f60}
	 (for control) = number: nan
	 k = number: 1
	 v = table: 0x04af1f60  {float:true, click_offset:table: 0x04cb26f0, children:table: 0x04c4b960, animation:table: 0x04c8d250, offset:table: 0x04d7c5e0, role:table: 0x04eb1ac0 (more...)}
(5) Lua method 'update' at Steamodded file 'src/ui.lua:124' 
	Local variables:
	 self = table: 0x046f2bd8  {F_GUIDE:false, F_CRASH_REPORTS:false, F_QUIT_BUTTON:true, collection_alert:table: 0x04d07dd8, F_ENGLISH_ONLY:false, sort_id:234, F_DISCORD:true (more...)}
	 dt = number: 0.0166606
(6) Lua field 'update' at file 'main.lua:1007'
	Local variables:
	 dt = number: 0.0166606
(7) Lua function '?' at file 'main.lua:946' (best guess)
(8) global C function 'xpcall'
(9) LÖVE function at file 'boot.lua:377' (best guess)
	Local variables:
	 func = Lua function '?' (defined at line 917 of chunk main.lua)
	 inerror = boolean: true
	 deferErrhand = Lua function '(LÖVE Function)' (defined at line 348 of chunk [love "boot.lua"])
	 earlyinit = Lua function '(LÖVE Function)' (defined at line 355 of chunk [love "boot.lua"])

INFO - [G] file not found: main.lua: No such file or directory
INFO - [G] file not found: main.lua: No such file or directory
INFO - [G] 2025-09-09 20:18:57 :: INFO  :: StackTrace :: Additional Context:
Balatro Version: 1.0.1o-FULL
Modded Version: 1.0.0~BETA-0906c-STEAMODDED
LÖVE Version: 11.5.0
Lovely Version: 0.8.0
Platform: Windows
Steamodded Mods:
    1: Simple by Gonçalo, Braz, Hernani [ID: SimpleJoker]
Lovely Mods:
